#
# There is insufficient memory for the Java Runtime Environment to continue.
# Native memory allocation (malloc) failed to allocate 568176 bytes for Chunk::new
# Possible reasons:
#   The system is out of physical RAM or swap space
#   The process is running with CompressedOops enabled, and the Java Heap may be blocking the growth of the native heap
# Possible solutions:
#   Reduce memory load on the system
#   Increase physical memory or swap space
#   Check if swap backing store is full
#   Decrease Java heap size (-Xmx/-Xms)
#   Decrease number of Java threads
#   Decrease Java thread stack sizes (-Xss)
#   Set larger code cache with -XX:ReservedCodeCacheSize=
#   JVM is running with Unscaled Compressed Oops mode in which the Java heap is
#     placed in the first 4GB address space. The Java Heap base address is the
#     maximum limit for the native heap growth. Please use -XX:HeapBaseMinAddress
#     to set the Java Heap base and to place the Java Heap above 4GB virtual address.
# This output file may be truncated or incomplete.
#
#  Out of Memory Error (./src/hotspot/share/memory/arena.cpp:197), pid=15688, tid=12136
#
# JRE version: OpenJDK Runtime Environment (11.0.13) (build 11.0.13+0-b1751.21-8125866)
# Java VM: OpenJDK 64-Bit Server VM (11.0.13+0-b1751.21-8125866, mixed mode, tiered, compressed oops, g1 gc, windows-amd64)
# No core dump will be written. Minidumps are not enabled by default on client versions of Windows
#

---------------  S U M M A R Y ------------

Command Line: --add-opens=java.base/java.util=ALL-UNNAMED --add-opens=java.base/java.lang=ALL-UNNAMED --add-opens=java.base/java.lang.invoke=ALL-UNNAMED --add-opens=java.base/java.util=ALL-UNNAMED --add-opens=java.prefs/java.util.prefs=ALL-UNNAMED --add-opens=java.prefs/java.util.prefs=ALL-UNNAMED --add-opens=java.base/java.nio.charset=ALL-UNNAMED --add-opens=java.base/java.net=ALL-UNNAMED --add-opens=java.base/java.util.concurrent.atomic=ALL-UNNAMED -Xmx2048m -Dfile.encoding=UTF-8 -Duser.country=US -Duser.language=en -Duser.variant org.gradle.launcher.daemon.bootstrap.GradleDaemon 7.4

Host: Intel(R) Core(TM) i5-10500H CPU @ 2.50GHz, 12 cores, 7G,  Windows 11 , 64 bit Build 22621 (10.0.22621.1485)
Time: Wed May 10 20:19:50 2023 Egypt Daylight Time elapsed time: 12.809999 seconds (0d 0h 0m 12s)

---------------  T H R E A D  ---------------

Current thread (0x0000024b4ee0d000):  JavaThread "C2 CompilerThread0" daemon [_thread_in_native, id=12136, stack(0x000000d205400000,0x000000d205500000)]


Current CompileTask:
C2:  12810 10828  s!   4       jdk.internal.loader.URLClassPath::getLoader (194 bytes)

Stack: [0x000000d205400000,0x000000d205500000]
Native frames: (J=compiled Java code, j=interpreted, Vv=VM code, C=native code)
V  [jvm.dll+0x6100fa]
V  [jvm.dll+0x747090]
V  [jvm.dll+0x7486ad]
V  [jvm.dll+0x748d83]
V  [jvm.dll+0x24ab48]
V  [jvm.dll+0xc04dc]
V  [jvm.dll+0xc0a0c]
V  [jvm.dll+0x35eb9d]
V  [jvm.dll+0x32b833]
V  [jvm.dll+0x32ad2a]
V  [jvm.dll+0x2032b2]
V  [jvm.dll+0x202437]
V  [jvm.dll+0x188e01]
V  [jvm.dll+0x21106b]
V  [jvm.dll+0x20f8c1]
V  [jvm.dll+0x70de0f]
V  [jvm.dll+0x706a75]
V  [jvm.dll+0x60ed66]
C  [ucrtbase.dll+0x29363]
C  [KERNEL32.DLL+0x1269d]
C  [ntdll.dll+0x5a9f8]


---------------  P R O C E S S  ---------------

Threads class SMR info:
_java_thread_list=0x0000024b5d7b8cb0, length=182, elements={
0x0000024b3450a800, 0x0000024b4edfa000, 0x0000024b4edfc000, 0x0000024b4ee06800,
0x0000024b4ee09800, 0x0000024b4ee0a800, 0x0000024b4ee0d000, 0x0000024b4f65f800,
0x0000024b4f664000, 0x0000024b4f7d0000, 0x0000024b51552800, 0x0000024b516ef800,
0x0000024b51278000, 0x0000024b50416800, 0x0000024b51984800, 0x0000024b507cb800,
0x0000024b507cc800, 0x0000024b51926800, 0x0000024b51927800, 0x0000024b5282a000,
0x0000024b5282d000, 0x0000024b5282e000, 0x0000024b5282b800, 0x0000024b527bb000,
0x0000024b5282f000, 0x0000024b5282b000, 0x0000024b52830800, 0x0000024b5282f800,
0x0000024b5282c800, 0x0000024b5294e000, 0x0000024b5294c800, 0x0000024b52951800,
0x0000024b52952000, 0x0000024b52957000, 0x0000024b52958800, 0x0000024b52954000,
0x0000024b52954800, 0x0000024b5295a800, 0x0000024b5295b000, 0x0000024b52955800,
0x0000024b52956800, 0x0000024b555cf800, 0x0000024b555d0800, 0x0000024b555d1000,
0x0000024b555ce800, 0x0000024b555cd000, 0x0000024b555ce000, 0x0000024b555cb800,
0x0000024b555d2000, 0x0000024b555cc800, 0x0000024b555d4800, 0x0000024b555d7800,
0x0000024b555d8800, 0x0000024b555d3000, 0x0000024b555d7000, 0x0000024b555d9800,
0x0000024b555d3800, 0x0000024b555d5800, 0x0000024b555d6000, 0x0000024b555da000,
0x0000024b532c5000, 0x0000024b532c6000, 0x0000024b532c3800, 0x0000024b532c4800,
0x0000024b532c8800, 0x0000024b532c7000, 0x0000024b532c7800, 0x0000024b532c3000,
0x0000024b532c9800, 0x0000024b532d0000, 0x0000024b532cf000, 0x0000024b532ca000,
0x0000024b532d0800, 0x0000024b532cd800, 0x0000024b532ce000, 0x0000024b532cb000,
0x0000024b532cc800, 0x0000024b532d1800, 0x0000024b532cb800, 0x0000024b56335000,
0x0000024b56336000, 0x0000024b56331000, 0x0000024b56332800, 0x0000024b56330000,
0x0000024b56337800, 0x0000024b56333800, 0x0000024b56336800, 0x0000024b56332000,
0x0000024b56338800, 0x0000024b56339000, 0x0000024b5633a000, 0x0000024b56334800,
0x0000024b5633b000, 0x0000024b5633b800, 0x0000024b5633c800, 0x0000024b5633d000,
0x0000024b5633e000, 0x0000024b5633f000, 0x0000024b557db800, 0x0000024b557dc000,
0x0000024b557e2000, 0x0000024b557e2800, 0x0000024b557dd000, 0x0000024b557df800,
0x0000024b557e0000, 0x0000024b557e1000, 0x0000024b557dd800, 0x0000024b557e3800,
0x0000024b557e4800, 0x0000024b557de800, 0x0000024b557e9000, 0x0000024b557e5000,
0x0000024b557e6000, 0x0000024b557ea000, 0x0000024b557e6800, 0x0000024b557e7800,
0x0000024b557e8800, 0x0000024b54d10000, 0x0000024b54d12800, 0x0000024b54d11800,
0x0000024b54d11000, 0x0000024b54d13800, 0x0000024b54d14000, 0x0000024b54d15000,
0x0000024b54d0f800, 0x0000024b54d19000, 0x0000024b54d1a000, 0x0000024b54d1a800,
0x0000024b54d18800, 0x0000024b54d16800, 0x0000024b54d1b800, 0x0000024b54d16000,
0x0000024b54d1c800, 0x0000024b54d1d000, 0x0000024b54d17800, 0x0000024b54d1e000,
0x0000024b53540000, 0x0000024b5353f000, 0x0000024b53541800, 0x0000024b53541000,
0x0000024b53542800, 0x0000024b53543000, 0x0000024b53544000, 0x0000024b5353e800,
0x0000024b53549000, 0x0000024b53545800, 0x0000024b53545000, 0x0000024b53547800,
0x0000024b53548000, 0x0000024b5354a000, 0x0000024b5354c000, 0x0000024b5354a800,
0x0000024b5354b800, 0x0000024b53546800, 0x0000024b5354d000, 0x0000024b53438800,
0x0000024b53439800, 0x0000024b53440000, 0x0000024b5343b800, 0x0000024b5343b000,
0x0000024b5343c800, 0x0000024b5343d800, 0x0000024b5343e000, 0x0000024b5343f000,
0x0000024b5343a000, 0x0000024b53445800, 0x0000024b53444800, 0x0000024b53444000,
0x0000024b53440800, 0x0000024b53447000, 0x0000024b53441800, 0x0000024b53442800,
0x0000024b53443000, 0x0000024b57839800, 0x0000024b57840000, 0x0000024b5783f000,
0x0000024b5783d800, 0x0000024b5783a000, 0x0000024b57840800, 0x0000024b5783b000,
0x0000024b5783e000, 0x0000024b5783c800
}

Java Threads: ( => current thread )
  0x0000024b3450a800 JavaThread "main" [_thread_blocked, id=6020, stack(0x000000d204800000,0x000000d204900000)]
  0x0000024b4edfa000 JavaThread "Reference Handler" daemon [_thread_blocked, id=20584, stack(0x000000d204f00000,0x000000d205000000)]
  0x0000024b4edfc000 JavaThread "Finalizer" daemon [_thread_blocked, id=9588, stack(0x000000d205000000,0x000000d205100000)]
  0x0000024b4ee06800 JavaThread "Signal Dispatcher" daemon [_thread_blocked, id=15656, stack(0x000000d205100000,0x000000d205200000)]
  0x0000024b4ee09800 JavaThread "Attach Listener" daemon [_thread_blocked, id=2448, stack(0x000000d205200000,0x000000d205300000)]
  0x0000024b4ee0a800 JavaThread "Service Thread" daemon [_thread_blocked, id=9396, stack(0x000000d205300000,0x000000d205400000)]
=>0x0000024b4ee0d000 JavaThread "C2 CompilerThread0" daemon [_thread_in_native, id=12136, stack(0x000000d205400000,0x000000d205500000)]
  0x0000024b4f65f800 JavaThread "C1 CompilerThread0" daemon [_thread_blocked, id=2568, stack(0x000000d205500000,0x000000d205600000)]
  0x0000024b4f664000 JavaThread "Sweeper thread" daemon [_thread_blocked, id=16304, stack(0x000000d205600000,0x000000d205700000)]
  0x0000024b4f7d0000 JavaThread "Common-Cleaner" daemon [_thread_blocked, id=12872, stack(0x000000d205700000,0x000000d205800000)]
  0x0000024b51552800 JavaThread "Daemon health stats" [_thread_blocked, id=14788, stack(0x000000d205d00000,0x000000d205e00000)]
  0x0000024b516ef800 JavaThread "Incoming local TCP Connector on port 52043" [_thread_in_native, id=13052, stack(0x000000d205900000,0x000000d205a00000)]
  0x0000024b51278000 JavaThread "Daemon periodic checks" [_thread_blocked, id=19340, stack(0x000000d205c00000,0x000000d205d00000)]
  0x0000024b50416800 JavaThread "Daemon" [_thread_blocked, id=776, stack(0x000000d205e00000,0x000000d205f00000)]
  0x0000024b51984800 JavaThread "Handler for socket connection from /127.0.0.1:52043 to /127.0.0.1:52044" [_thread_in_native, id=6028, stack(0x000000d205f00000,0x000000d206000000)]
  0x0000024b507cb800 JavaThread "Cancel handler" [_thread_blocked, id=11092, stack(0x000000d206000000,0x000000d206100000)]
  0x0000024b507cc800 JavaThread "Daemon worker" [_thread_blocked, id=8052, stack(0x000000d206100000,0x000000d206200000)]
  0x0000024b51926800 JavaThread "Asynchronous log dispatcher for DefaultDaemonConnection: socket connection from /127.0.0.1:52043 to /127.0.0.1:52044" [_thread_blocked, id=18756, stack(0x000000d206200000,0x000000d206300000)]
  0x0000024b51927800 JavaThread "Stdin handler" [_thread_blocked, id=13572, stack(0x000000d206300000,0x000000d206400000)]
  0x0000024b5282a000 JavaThread "Daemon client event forwarder" [_thread_blocked, id=13668, stack(0x000000d206400000,0x000000d206500000)]
  0x0000024b5282d000 JavaThread "Cache worker for journal cache (C:\Users\DELL\.gradle\caches\journal-1)" [_thread_blocked, id=15916, stack(0x000000d206c00000,0x000000d206d00000)]
  0x0000024b5282e000 JavaThread "File lock request listener" [_thread_in_native, id=7616, stack(0x000000d206d00000,0x000000d206e00000)]
  0x0000024b5282b800 JavaThread "Cache worker for file hash cache (C:\Users\DELL\.gradle\caches\7.4\fileHashes)" [_thread_blocked, id=5412, stack(0x000000d206e00000,0x000000d206f00000)]
  0x0000024b527bb000 JavaThread "C2 CompilerThread1" daemon [_thread_in_native, id=13972, stack(0x000000d207100000,0x000000d207200000)]
  0x0000024b5282f000 JavaThread "File watcher server" daemon [_thread_in_native, id=5968, stack(0x000000d207300000,0x000000d207400000)]
  0x0000024b5282b000 JavaThread "File watcher consumer" daemon [_thread_blocked, id=14804, stack(0x000000d207400000,0x000000d207500000)]
  0x0000024b52830800 JavaThread "Cache worker for checksums cache (D:\Task_android1\.gradle\7.4\checksums)" [_thread_blocked, id=4004, stack(0x000000d207500000,0x000000d207600000)]
  0x0000024b5282f800 JavaThread "Cache worker for cache directory md-rule (C:\Users\DELL\.gradle\caches\7.4\md-rule)" [_thread_blocked, id=11872, stack(0x000000d207600000,0x000000d207700000)]
  0x0000024b5282c800 JavaThread "Cache worker for file hash cache (D:\Task_android1\.gradle\7.4\fileHashes)" [_thread_blocked, id=18712, stack(0x000000d207700000,0x000000d207800000)]
  0x0000024b5294e000 JavaThread "Cache worker for cache directory md-supplier (C:\Users\DELL\.gradle\caches\7.4\md-supplier)" [_thread_blocked, id=10332, stack(0x000000d207800000,0x000000d207900000)]
  0x0000024b5294c800 JavaThread "Cache worker for execution history cache (C:\Users\DELL\.gradle\caches\7.4\executionHistory)" [_thread_blocked, id=14436, stack(0x000000d207900000,0x000000d207a00000)]
  0x0000024b52951800 JavaThread "jar transforms" [_thread_blocked, id=15032, stack(0x000000d207a00000,0x000000d207b00000)]
  0x0000024b52952000 JavaThread "Cache worker for file content cache (C:\Users\DELL\.gradle\caches\7.4\fileContent)" [_thread_blocked, id=20060, stack(0x000000d207b00000,0x000000d207c00000)]
  0x0000024b52957000 JavaThread "jar transforms Thread 2" [_thread_blocked, id=14996, stack(0x000000d207c00000,0x000000d207d00000)]
  0x0000024b52958800 JavaThread "Cache worker for dependencies-accessors (D:\Task_android1\.gradle\7.4\dependencies-accessors)" [_thread_blocked, id=15880, stack(0x000000d207d00000,0x000000d207e00000)]
  0x0000024b52954000 JavaThread "jar transforms Thread 3" [_thread_blocked, id=17464, stack(0x000000d207e00000,0x000000d207f00000)]
  0x0000024b52954800 JavaThread "Cache worker for Build Output Cleanup Cache (D:\Task_android1\.gradle\buildOutputCleanup)" [_thread_blocked, id=17132, stack(0x000000d207200000,0x000000d207300000)]
  0x0000024b5295a800 JavaThread "Unconstrained build operations" [_thread_blocked, id=13516, stack(0x000000d207f00000,0x000000d208000000)]
  0x0000024b5295b000 JavaThread "Unconstrained build operations Thread 2" [_thread_blocked, id=1920, stack(0x000000d208000000,0x000000d208100000)]
  0x0000024b52955800 JavaThread "Unconstrained build operations Thread 3" [_thread_blocked, id=16732, stack(0x000000d208100000,0x000000d208200000)]
  0x0000024b52956800 JavaThread "Unconstrained build operations Thread 4" [_thread_blocked, id=7552, stack(0x000000d208200000,0x000000d208300000)]
  0x0000024b555cf800 JavaThread "Unconstrained build operations Thread 5" [_thread_blocked, id=2880, stack(0x000000d208300000,0x000000d208400000)]
  0x0000024b555d0800 JavaThread "Unconstrained build operations Thread 6" [_thread_blocked, id=6748, stack(0x000000d208400000,0x000000d208500000)]
  0x0000024b555d1000 JavaThread "Unconstrained build operations Thread 7" [_thread_blocked, id=18532, stack(0x000000d208500000,0x000000d208600000)]
  0x0000024b555ce800 JavaThread "Unconstrained build operations Thread 8" [_thread_blocked, id=6644, stack(0x000000d208600000,0x000000d208700000)]
  0x0000024b555cd000 JavaThread "Unconstrained build operations Thread 9" [_thread_blocked, id=20396, stack(0x000000d208700000,0x000000d208800000)]
  0x0000024b555ce000 JavaThread "Unconstrained build operations Thread 10" [_thread_blocked, id=8128, stack(0x000000d208800000,0x000000d208900000)]
  0x0000024b555cb800 JavaThread "Unconstrained build operations Thread 11" [_thread_blocked, id=14320, stack(0x000000d208900000,0x000000d208a00000)]
  0x0000024b555d2000 JavaThread "Unconstrained build operations Thread 12" [_thread_blocked, id=20104, stack(0x000000d208a00000,0x000000d208b00000)]
  0x0000024b555cc800 JavaThread "Unconstrained build operations Thread 13" [_thread_blocked, id=21492, stack(0x000000d208b00000,0x000000d208c00000)]
  0x0000024b555d4800 JavaThread "Unconstrained build operations Thread 14" [_thread_blocked, id=18764, stack(0x000000d208c00000,0x000000d208d00000)]
  0x0000024b555d7800 JavaThread "Unconstrained build operations Thread 15" [_thread_blocked, id=21284, stack(0x000000d208d00000,0x000000d208e00000)]
  0x0000024b555d8800 JavaThread "Unconstrained build operations Thread 16" [_thread_blocked, id=3724, stack(0x000000d208e00000,0x000000d208f00000)]
  0x0000024b555d3000 JavaThread "Unconstrained build operations Thread 17" [_thread_blocked, id=14592, stack(0x000000d208f00000,0x000000d209000000)]
  0x0000024b555d7000 JavaThread "Unconstrained build operations Thread 18" [_thread_blocked, id=15460, stack(0x000000d209000000,0x000000d209100000)]
  0x0000024b555d9800 JavaThread "Unconstrained build operations Thread 19" [_thread_blocked, id=12912, stack(0x000000d209100000,0x000000d209200000)]
  0x0000024b555d3800 JavaThread "Unconstrained build operations Thread 20" [_thread_blocked, id=7452, stack(0x000000d209200000,0x000000d209300000)]
  0x0000024b555d5800 JavaThread "Unconstrained build operations Thread 21" [_thread_blocked, id=10940, stack(0x000000d209300000,0x000000d209400000)]
  0x0000024b555d6000 JavaThread "Unconstrained build operations Thread 22" [_thread_blocked, id=17844, stack(0x000000d209400000,0x000000d209500000)]
  0x0000024b555da000 JavaThread "Unconstrained build operations Thread 23" [_thread_blocked, id=13088, stack(0x000000d209500000,0x000000d209600000)]
  0x0000024b532c5000 JavaThread "Unconstrained build operations Thread 24" [_thread_blocked, id=19596, stack(0x000000d209600000,0x000000d209700000)]
  0x0000024b532c6000 JavaThread "Unconstrained build operations Thread 25" [_thread_blocked, id=17340, stack(0x000000d209700000,0x000000d209800000)]
  0x0000024b532c3800 JavaThread "Unconstrained build operations Thread 26" [_thread_blocked, id=14904, stack(0x000000d209800000,0x000000d209900000)]
  0x0000024b532c4800 JavaThread "Unconstrained build operations Thread 27" [_thread_blocked, id=18504, stack(0x000000d209900000,0x000000d209a00000)]
  0x0000024b532c8800 JavaThread "Unconstrained build operations Thread 28" [_thread_blocked, id=11596, stack(0x000000d209a00000,0x000000d209b00000)]
  0x0000024b532c7000 JavaThread "Unconstrained build operations Thread 29" [_thread_blocked, id=8292, stack(0x000000d209b00000,0x000000d209c00000)]
  0x0000024b532c7800 JavaThread "Unconstrained build operations Thread 30" [_thread_blocked, id=1632, stack(0x000000d209c00000,0x000000d209d00000)]
  0x0000024b532c3000 JavaThread "Unconstrained build operations Thread 31" [_thread_blocked, id=15040, stack(0x000000d209d00000,0x000000d209e00000)]
  0x0000024b532c9800 JavaThread "Unconstrained build operations Thread 32" [_thread_blocked, id=2632, stack(0x000000d209e00000,0x000000d209f00000)]
  0x0000024b532d0000 JavaThread "Unconstrained build operations Thread 33" [_thread_blocked, id=3132, stack(0x000000d209f00000,0x000000d20a000000)]
  0x0000024b532cf000 JavaThread "Unconstrained build operations Thread 34" [_thread_blocked, id=5880, stack(0x000000d20a000000,0x000000d20a100000)]
  0x0000024b532ca000 JavaThread "Unconstrained build operations Thread 35" [_thread_blocked, id=3980, stack(0x000000d20a100000,0x000000d20a200000)]
  0x0000024b532d0800 JavaThread "Unconstrained build operations Thread 36" [_thread_blocked, id=7996, stack(0x000000d20a200000,0x000000d20a300000)]
  0x0000024b532cd800 JavaThread "Unconstrained build operations Thread 37" [_thread_blocked, id=3080, stack(0x000000d20a300000,0x000000d20a400000)]
  0x0000024b532ce000 JavaThread "Unconstrained build operations Thread 38" [_thread_in_vm, id=20160, stack(0x000000d20a400000,0x000000d20a500000)]
  0x0000024b532cb000 JavaThread "Unconstrained build operations Thread 39" [_thread_blocked, id=10804, stack(0x000000d20a500000,0x000000d20a600000)]
  0x0000024b532cc800 JavaThread "Unconstrained build operations Thread 40" [_thread_blocked, id=8296, stack(0x000000d20a600000,0x000000d20a700000)]
  0x0000024b532d1800 JavaThread "Unconstrained build operations Thread 41" [_thread_blocked, id=21220, stack(0x000000d20a700000,0x000000d20a800000)]
  0x0000024b532cb800 JavaThread "Unconstrained build operations Thread 42" [_thread_blocked, id=1188, stack(0x000000d20a800000,0x000000d20a900000)]
  0x0000024b56335000 JavaThread "Unconstrained build operations Thread 43" [_thread_blocked, id=7612, stack(0x000000d20a900000,0x000000d20aa00000)]
  0x0000024b56336000 JavaThread "Unconstrained build operations Thread 44" [_thread_blocked, id=11964, stack(0x000000d20aa00000,0x000000d20ab00000)]
  0x0000024b56331000 JavaThread "Unconstrained build operations Thread 45" [_thread_blocked, id=8348, stack(0x000000d20ab00000,0x000000d20ac00000)]
  0x0000024b56332800 JavaThread "Unconstrained build operations Thread 46" [_thread_blocked, id=6104, stack(0x000000d20ac00000,0x000000d20ad00000)]
  0x0000024b56330000 JavaThread "Unconstrained build operations Thread 47" [_thread_blocked, id=11084, stack(0x000000d20ad00000,0x000000d20ae00000)]
  0x0000024b56337800 JavaThread "Unconstrained build operations Thread 48" [_thread_blocked, id=11672, stack(0x000000d20ae00000,0x000000d20af00000)]
  0x0000024b56333800 JavaThread "Unconstrained build operations Thread 49" [_thread_blocked, id=7988, stack(0x000000d20af00000,0x000000d20b000000)]
  0x0000024b56336800 JavaThread "Unconstrained build operations Thread 50" [_thread_blocked, id=11088, stack(0x000000d20b000000,0x000000d20b100000)]
  0x0000024b56332000 JavaThread "Unconstrained build operations Thread 51" [_thread_blocked, id=19988, stack(0x000000d20b100000,0x000000d20b200000)]
  0x0000024b56338800 JavaThread "Unconstrained build operations Thread 52" [_thread_blocked, id=20452, stack(0x000000d20b200000,0x000000d20b300000)]
  0x0000024b56339000 JavaThread "Unconstrained build operations Thread 53" [_thread_blocked, id=20960, stack(0x000000d20b300000,0x000000d20b400000)]
  0x0000024b5633a000 JavaThread "Unconstrained build operations Thread 54" [_thread_blocked, id=13512, stack(0x000000d20b400000,0x000000d20b500000)]
  0x0000024b56334800 JavaThread "Unconstrained build operations Thread 55" [_thread_blocked, id=13420, stack(0x000000d20b500000,0x000000d20b600000)]
  0x0000024b5633b000 JavaThread "Unconstrained build operations Thread 56" [_thread_blocked, id=6744, stack(0x000000d20b600000,0x000000d20b700000)]
  0x0000024b5633b800 JavaThread "Unconstrained build operations Thread 57" [_thread_blocked, id=2388, stack(0x000000d20b700000,0x000000d20b800000)]
  0x0000024b5633c800 JavaThread "Unconstrained build operations Thread 58" [_thread_blocked, id=5272, stack(0x000000d20b800000,0x000000d20b900000)]
  0x0000024b5633d000 JavaThread "Unconstrained build operations Thread 59" [_thread_blocked, id=5920, stack(0x000000d20b900000,0x000000d20ba00000)]
  0x0000024b5633e000 JavaThread "Unconstrained build operations Thread 60" [_thread_blocked, id=14912, stack(0x000000d20ba00000,0x000000d20bb00000)]
  0x0000024b5633f000 JavaThread "Unconstrained build operations Thread 61" [_thread_blocked, id=1964, stack(0x000000d20bb00000,0x000000d20bc00000)]
  0x0000024b557db800 JavaThread "Unconstrained build operations Thread 62" [_thread_blocked, id=18220, stack(0x000000d20bc00000,0x000000d20bd00000)]
  0x0000024b557dc000 JavaThread "Unconstrained build operations Thread 63" [_thread_blocked, id=10688, stack(0x000000d20bd00000,0x000000d20be00000)]
  0x0000024b557e2000 JavaThread "Unconstrained build operations Thread 64" [_thread_blocked, id=17952, stack(0x000000d20be00000,0x000000d20bf00000)]
  0x0000024b557e2800 JavaThread "Unconstrained build operations Thread 65" [_thread_blocked, id=2268, stack(0x000000d20bf00000,0x000000d20c000000)]
  0x0000024b557dd000 JavaThread "Unconstrained build operations Thread 66" [_thread_in_Java, id=6992, stack(0x000000d20c000000,0x000000d20c100000)]
  0x0000024b557df800 JavaThread "Unconstrained build operations Thread 67" [_thread_blocked, id=15100, stack(0x000000d20c100000,0x000000d20c200000)]
  0x0000024b557e0000 JavaThread "Unconstrained build operations Thread 68" [_thread_blocked, id=19300, stack(0x000000d20c200000,0x000000d20c300000)]
  0x0000024b557e1000 JavaThread "Unconstrained build operations Thread 69" [_thread_blocked, id=9044, stack(0x000000d20c300000,0x000000d20c400000)]
  0x0000024b557dd800 JavaThread "Unconstrained build operations Thread 70" [_thread_blocked, id=6116, stack(0x000000d20c400000,0x000000d20c500000)]
  0x0000024b557e3800 JavaThread "Unconstrained build operations Thread 71" [_thread_blocked, id=14756, stack(0x000000d20c500000,0x000000d20c600000)]
  0x0000024b557e4800 JavaThread "Unconstrained build operations Thread 72" [_thread_blocked, id=12308, stack(0x000000d20c600000,0x000000d20c700000)]
  0x0000024b557de800 JavaThread "Unconstrained build operations Thread 73" [_thread_blocked, id=17448, stack(0x000000d20c700000,0x000000d20c800000)]
  0x0000024b557e9000 JavaThread "Unconstrained build operations Thread 74" [_thread_blocked, id=20472, stack(0x000000d20c800000,0x000000d20c900000)]
  0x0000024b557e5000 JavaThread "Unconstrained build operations Thread 75" [_thread_blocked, id=10840, stack(0x000000d20c900000,0x000000d20ca00000)]
  0x0000024b557e6000 JavaThread "Unconstrained build operations Thread 76" [_thread_blocked, id=6560, stack(0x000000d20ca00000,0x000000d20cb00000)]
  0x0000024b557ea000 JavaThread "Unconstrained build operations Thread 77" [_thread_blocked, id=12804, stack(0x000000d20cb00000,0x000000d20cc00000)]
  0x0000024b557e6800 JavaThread "Unconstrained build operations Thread 78" [_thread_in_vm, id=8464, stack(0x000000d20cc00000,0x000000d20cd00000)]
  0x0000024b557e7800 JavaThread "Unconstrained build operations Thread 79" [_thread_blocked, id=14440, stack(0x000000d20cd00000,0x000000d20ce00000)]
  0x0000024b557e8800 JavaThread "Unconstrained build operations Thread 80" [_thread_blocked, id=16776, stack(0x000000d20ce00000,0x000000d20cf00000)]
  0x0000024b54d10000 JavaThread "Unconstrained build operations Thread 81" [_thread_blocked, id=12720, stack(0x000000d20cf00000,0x000000d20d000000)]
  0x0000024b54d12800 JavaThread "Unconstrained build operations Thread 82" [_thread_blocked, id=8344, stack(0x000000d20d000000,0x000000d20d100000)]
  0x0000024b54d11800 JavaThread "Unconstrained build operations Thread 83" [_thread_blocked, id=17916, stack(0x000000d20d100000,0x000000d20d200000)]
  0x0000024b54d11000 JavaThread "Unconstrained build operations Thread 84" [_thread_blocked, id=5964, stack(0x000000d20d200000,0x000000d20d300000)]
  0x0000024b54d13800 JavaThread "Unconstrained build operations Thread 85" [_thread_blocked, id=15420, stack(0x000000d20d300000,0x000000d20d400000)]
  0x0000024b54d14000 JavaThread "Unconstrained build operations Thread 86" [_thread_blocked, id=9608, stack(0x000000d20d400000,0x000000d20d500000)]
  0x0000024b54d15000 JavaThread "Unconstrained build operations Thread 87" [_thread_blocked, id=19624, stack(0x000000d20d500000,0x000000d20d600000)]
  0x0000024b54d0f800 JavaThread "Unconstrained build operations Thread 88" [_thread_blocked, id=19928, stack(0x000000d20d600000,0x000000d20d700000)]
  0x0000024b54d19000 JavaThread "Unconstrained build operations Thread 89" [_thread_blocked, id=19540, stack(0x000000d20d700000,0x000000d20d800000)]
  0x0000024b54d1a000 JavaThread "Unconstrained build operations Thread 90" [_thread_blocked, id=5068, stack(0x000000d20d800000,0x000000d20d900000)]
  0x0000024b54d1a800 JavaThread "Unconstrained build operations Thread 91" [_thread_blocked, id=20720, stack(0x000000d20d900000,0x000000d20da00000)]
  0x0000024b54d18800 JavaThread "Unconstrained build operations Thread 92" [_thread_blocked, id=1272, stack(0x000000d20da00000,0x000000d20db00000)]
  0x0000024b54d16800 JavaThread "Unconstrained build operations Thread 93" [_thread_blocked, id=11764, stack(0x000000d20db00000,0x000000d20dc00000)]
  0x0000024b54d1b800 JavaThread "Unconstrained build operations Thread 94" [_thread_blocked, id=9972, stack(0x000000d20dc00000,0x000000d20dd00000)]
  0x0000024b54d16000 JavaThread "Unconstrained build operations Thread 95" [_thread_blocked, id=192, stack(0x000000d20dd00000,0x000000d20de00000)]
  0x0000024b54d1c800 JavaThread "Unconstrained build operations Thread 96" [_thread_blocked, id=13488, stack(0x000000d20de00000,0x000000d20df00000)]
  0x0000024b54d1d000 JavaThread "Unconstrained build operations Thread 97" [_thread_blocked, id=15612, stack(0x000000d20df00000,0x000000d20e000000)]
  0x0000024b54d17800 JavaThread "Unconstrained build operations Thread 98" [_thread_blocked, id=6484, stack(0x000000d20e000000,0x000000d20e100000)]
  0x0000024b54d1e000 JavaThread "Unconstrained build operations Thread 99" [_thread_blocked, id=3868, stack(0x000000d20e100000,0x000000d20e200000)]
  0x0000024b53540000 JavaThread "Unconstrained build operations Thread 100" [_thread_blocked, id=15732, stack(0x000000d20e200000,0x000000d20e300000)]
  0x0000024b5353f000 JavaThread "Unconstrained build operations Thread 101" [_thread_blocked, id=8708, stack(0x000000d20e300000,0x000000d20e400000)]
  0x0000024b53541800 JavaThread "Unconstrained build operations Thread 102" [_thread_blocked, id=12420, stack(0x000000d20e400000,0x000000d20e500000)]
  0x0000024b53541000 JavaThread "Unconstrained build operations Thread 103" [_thread_blocked, id=5832, stack(0x000000d20e500000,0x000000d20e600000)]
  0x0000024b53542800 JavaThread "Unconstrained build operations Thread 104" [_thread_blocked, id=21108, stack(0x000000d20e600000,0x000000d20e700000)]
  0x0000024b53543000 JavaThread "Unconstrained build operations Thread 105" [_thread_blocked, id=19572, stack(0x000000d20e700000,0x000000d20e800000)]
  0x0000024b53544000 JavaThread "Unconstrained build operations Thread 106" [_thread_blocked, id=15132, stack(0x000000d20e800000,0x000000d20e900000)]
  0x0000024b5353e800 JavaThread "Unconstrained build operations Thread 107" [_thread_blocked, id=2664, stack(0x000000d20e900000,0x000000d20ea00000)]
  0x0000024b53549000 JavaThread "Unconstrained build operations Thread 108" [_thread_blocked, id=14132, stack(0x000000d20ea00000,0x000000d20eb00000)]
  0x0000024b53545800 JavaThread "Unconstrained build operations Thread 109" [_thread_blocked, id=4692, stack(0x000000d20eb00000,0x000000d20ec00000)]
  0x0000024b53545000 JavaThread "Unconstrained build operations Thread 110" [_thread_blocked, id=6388, stack(0x000000d20ec00000,0x000000d20ed00000)]
  0x0000024b53547800 JavaThread "Unconstrained build operations Thread 111" [_thread_blocked, id=15900, stack(0x000000d20ed00000,0x000000d20ee00000)]
  0x0000024b53548000 JavaThread "Unconstrained build operations Thread 112" [_thread_blocked, id=19804, stack(0x000000d20ee00000,0x000000d20ef00000)]
  0x0000024b5354a000 JavaThread "Unconstrained build operations Thread 113" [_thread_blocked, id=14384, stack(0x000000d20ef00000,0x000000d20f000000)]
  0x0000024b5354c000 JavaThread "Unconstrained build operations Thread 114" [_thread_blocked, id=15284, stack(0x000000d20f000000,0x000000d20f100000)]
  0x0000024b5354a800 JavaThread "Unconstrained build operations Thread 115" [_thread_blocked, id=20776, stack(0x000000d20f100000,0x000000d20f200000)]
  0x0000024b5354b800 JavaThread "Unconstrained build operations Thread 116" [_thread_blocked, id=3256, stack(0x000000d20f200000,0x000000d20f300000)]
  0x0000024b53546800 JavaThread "Unconstrained build operations Thread 117" [_thread_blocked, id=3448, stack(0x000000d20f300000,0x000000d20f400000)]
  0x0000024b5354d000 JavaThread "Unconstrained build operations Thread 118" [_thread_blocked, id=19696, stack(0x000000d20f400000,0x000000d20f500000)]
  0x0000024b53438800 JavaThread "Unconstrained build operations Thread 119" [_thread_blocked, id=5100, stack(0x000000d20f500000,0x000000d20f600000)]
  0x0000024b53439800 JavaThread "Unconstrained build operations Thread 120" [_thread_blocked, id=20448, stack(0x000000d20f600000,0x000000d20f700000)]
  0x0000024b53440000 JavaThread "jar transforms Thread 4" [_thread_blocked, id=8808, stack(0x000000d20f700000,0x000000d20f800000)]
  0x0000024b5343b800 JavaThread "jar transforms Thread 5" [_thread_blocked, id=2976, stack(0x000000d20f800000,0x000000d20f900000)]
  0x0000024b5343b000 JavaThread "jar transforms Thread 6" [_thread_blocked, id=4892, stack(0x000000d20f900000,0x000000d20fa00000)]
  0x0000024b5343c800 JavaThread "jar transforms Thread 7" [_thread_blocked, id=9828, stack(0x000000d20fa00000,0x000000d20fb00000)]
  0x0000024b5343d800 JavaThread "jar transforms Thread 8" [_thread_blocked, id=20460, stack(0x000000d20fb00000,0x000000d20fc00000)]
  0x0000024b5343e000 JavaThread "jar transforms Thread 9" [_thread_blocked, id=9912, stack(0x000000d20fc00000,0x000000d20fd00000)]
  0x0000024b5343f000 JavaThread "jar transforms Thread 10" [_thread_blocked, id=18972, stack(0x000000d20fd00000,0x000000d20fe00000)]
  0x0000024b5343a000 JavaThread "jar transforms Thread 11" [_thread_blocked, id=13376, stack(0x000000d20fe00000,0x000000d20ff00000)]
  0x0000024b53445800 JavaThread "jar transforms Thread 12" [_thread_blocked, id=21068, stack(0x000000d20ff00000,0x000000d210000000)]
  0x0000024b53444800 JavaThread "Memory manager" [_thread_blocked, id=21052, stack(0x000000d210000000,0x000000d210100000)]
  0x0000024b53444000 JavaThread "build event listener" [_thread_blocked, id=17084, stack(0x000000d210100000,0x000000d210200000)]
  0x0000024b53440800 JavaThread "included builds" [_thread_blocked, id=19600, stack(0x000000d210200000,0x000000d210300000)]
  0x0000024b53447000 JavaThread "Execution worker for ':'" [_thread_blocked, id=19964, stack(0x000000d210300000,0x000000d210400000)]
  0x0000024b53441800 JavaThread "Execution worker for ':' Thread 2" [_thread_blocked, id=17364, stack(0x000000d210400000,0x000000d210500000)]
  0x0000024b53442800 JavaThread "Execution worker for ':' Thread 3" [_thread_blocked, id=19344, stack(0x000000d210500000,0x000000d210600000)]
  0x0000024b53443000 JavaThread "Execution worker for ':' Thread 4" [_thread_blocked, id=20576, stack(0x000000d210600000,0x000000d210700000)]
  0x0000024b57839800 JavaThread "Execution worker for ':' Thread 5" [_thread_blocked, id=2924, stack(0x000000d210700000,0x000000d210800000)]
  0x0000024b57840000 JavaThread "Execution worker for ':' Thread 6" [_thread_blocked, id=13548, stack(0x000000d210800000,0x000000d210900000)]
  0x0000024b5783f000 JavaThread "Execution worker for ':' Thread 7" [_thread_blocked, id=9072, stack(0x000000d210900000,0x000000d210a00000)]
  0x0000024b5783d800 JavaThread "Execution worker for ':' Thread 8" [_thread_blocked, id=16420, stack(0x000000d210a00000,0x000000d210b00000)]
  0x0000024b5783a000 JavaThread "Execution worker for ':' Thread 9" [_thread_blocked, id=7368, stack(0x000000d210b00000,0x000000d210c00000)]
  0x0000024b57840800 JavaThread "Execution worker for ':' Thread 10" [_thread_blocked, id=6836, stack(0x000000d210c00000,0x000000d210d00000)]
  0x0000024b5783b000 JavaThread "Execution worker for ':' Thread 11" [_thread_blocked, id=18508, stack(0x000000d210d00000,0x000000d210e00000)]
  0x0000024b5783e000 JavaThread "Cache worker for execution history cache (D:\Task_android1\.gradle\7.4\executionHistory)" [_thread_blocked, id=6964, stack(0x000000d210e00000,0x000000d210f00000)]
  0x0000024b5783c800 JavaThread "WorkerExecutor Queue" [_thread_blocked, id=6416, stack(0x000000d210f00000,0x000000d211000000)]

Other Threads:
  0x0000024b4ede6800 VMThread "VM Thread" [stack: 0x000000d204e00000,0x000000d204f00000] [id=11280]
  0x0000024b4f7dd800 WatcherThread [stack: 0x000000d205800000,0x000000d205900000] [id=19716]
  0x0000024b34524000 GCTaskThread "GC Thread#0" [stack: 0x000000d204900000,0x000000d204a00000] [id=18192]
  0x0000024b4fee5000 GCTaskThread "GC Thread#1" [stack: 0x000000d205a00000,0x000000d205b00000] [id=2704]
  0x0000024b5057e000 GCTaskThread "GC Thread#2" [stack: 0x000000d205b00000,0x000000d205c00000] [id=21040]
  0x0000024b51cb7800 GCTaskThread "GC Thread#3" [stack: 0x000000d206500000,0x000000d206600000] [id=16616]
  0x0000024b5176d800 GCTaskThread "GC Thread#4" [stack: 0x000000d206600000,0x000000d206700000] [id=15224]
  0x0000024b50b59000 GCTaskThread "GC Thread#5" [stack: 0x000000d206700000,0x000000d206800000] [id=10052]
  0x0000024b5051e800 GCTaskThread "GC Thread#6" [stack: 0x000000d206800000,0x000000d206900000] [id=15804]
  0x0000024b51e8d000 GCTaskThread "GC Thread#7" [stack: 0x000000d206900000,0x000000d206a00000] [id=21468]
  0x0000024b51e8e000 GCTaskThread "GC Thread#8" [stack: 0x000000d206a00000,0x000000d206b00000] [id=7416]
  0x0000024b50550000 GCTaskThread "GC Thread#9" [stack: 0x000000d206b00000,0x000000d206c00000] [id=14412]
  0x0000024b34559000 ConcurrentGCThread "G1 Main Marker" [stack: 0x000000d204a00000,0x000000d204b00000] [id=8080]
  0x0000024b3455b000 ConcurrentGCThread "G1 Conc#0" [stack: 0x000000d204b00000,0x000000d204c00000] [id=20860]
  0x0000024b51235800 ConcurrentGCThread "G1 Conc#1" [stack: 0x000000d206f00000,0x000000d207000000] [id=13112]
  0x0000024b50bf9000 ConcurrentGCThread "G1 Conc#2" [stack: 0x000000d207000000,0x000000d207100000] [id=780]
  0x0000024b345de000 ConcurrentGCThread "G1 Refine#0" [stack: 0x000000d204c00000,0x000000d204d00000] [id=6668]
  0x0000024b4ec3c800 ConcurrentGCThread "G1 Young RemSet Sampling" [stack: 0x000000d204d00000,0x000000d204e00000] [id=4100]

Threads with active compile tasks:
C2 CompilerThread0  12831 10828  s!   4       jdk.internal.loader.URLClassPath::getLoader (194 bytes)
C2 CompilerThread1  12832 10681       4       com.android.tools.r8.internal.bw::c (280 bytes)

VM state:not at safepoint (normal execution)

VM Mutex/Monitor currently owned by a thread: None

Heap address: 0x0000000080000000, size: 2048 MB, Compressed Oops mode: 32-bit
Narrow klass base: 0x0000000000000000, Narrow klass shift: 3
Compressed class space size: 1073741824 Address: 0x0000000100000000

Heap:
 garbage-first heap   total 225280K, used 123904K [0x0000000080000000, 0x0000000100000000)
  region size 1024K, 28 young (28672K), 12 survivors (12288K)
 Metaspace       used 96792K, capacity 99738K, committed 100008K, reserved 1140736K
  class space    used 12722K, capacity 13848K, committed 13900K, reserved 1048576K
Heap Regions: E=young(eden), S=young(survivor), O=old, HS=humongous(starts), HC=humongous(continues), CS=collection set, F=free, A=archive, TAMS=top-at-mark-start (previous, next)
|   0|0x0000000080000000, 0x0000000080100000, 0x0000000080100000|100%| O|  |TAMS 0x0000000080100000, 0x0000000080000000| Untracked 
|   1|0x0000000080100000, 0x0000000080200000, 0x0000000080200000|100%| O|  |TAMS 0x0000000080200000, 0x0000000080100000| Untracked 
|   2|0x0000000080200000, 0x0000000080300000, 0x0000000080300000|100%| O|  |TAMS 0x0000000080300000, 0x0000000080200000| Untracked 
|   3|0x0000000080300000, 0x0000000080400000, 0x0000000080400000|100%|HS|  |TAMS 0x0000000080400000, 0x0000000080300000| Complete 
|   4|0x0000000080400000, 0x0000000080500000, 0x0000000080500000|100%|HC|  |TAMS 0x0000000080500000, 0x0000000080400000| Complete 
|   5|0x0000000080500000, 0x0000000080600000, 0x0000000080600000|100%|HC|  |TAMS 0x0000000080600000, 0x0000000080500000| Complete 
|   6|0x0000000080600000, 0x0000000080700000, 0x0000000080700000|100%| O|  |TAMS 0x0000000080700000, 0x0000000080600000| Untracked 
|   7|0x0000000080700000, 0x0000000080800000, 0x0000000080800000|100%| O|  |TAMS 0x0000000080800000, 0x0000000080700000| Untracked 
|   8|0x0000000080800000, 0x0000000080900000, 0x0000000080900000|100%| O|  |TAMS 0x0000000080900000, 0x0000000080800000| Untracked 
|   9|0x0000000080900000, 0x0000000080a00000, 0x0000000080a00000|100%| O|  |TAMS 0x0000000080a00000, 0x0000000080900000| Untracked 
|  10|0x0000000080a00000, 0x0000000080b00000, 0x0000000080b00000|100%| O|  |TAMS 0x0000000080b00000, 0x0000000080a00000| Untracked 
|  11|0x0000000080b00000, 0x0000000080c00000, 0x0000000080c00000|100%| O|  |TAMS 0x0000000080c00000, 0x0000000080b00000| Untracked 
|  12|0x0000000080c00000, 0x0000000080d00000, 0x0000000080d00000|100%| O|  |TAMS 0x0000000080d00000, 0x0000000080c00000| Untracked 
|  13|0x0000000080d00000, 0x0000000080e00000, 0x0000000080e00000|100%| O|  |TAMS 0x0000000080e00000, 0x0000000080d00000| Untracked 
|  14|0x0000000080e00000, 0x0000000080f00000, 0x0000000080f00000|100%| O|  |TAMS 0x0000000080f00000, 0x0000000080e00000| Untracked 
|  15|0x0000000080f00000, 0x0000000081000000, 0x0000000081000000|100%| O|  |TAMS 0x0000000081000000, 0x0000000080f00000| Untracked 
|  16|0x0000000081000000, 0x0000000081100000, 0x0000000081100000|100%| O|  |TAMS 0x0000000081100000, 0x0000000081000000| Untracked 
|  17|0x0000000081100000, 0x0000000081200000, 0x0000000081200000|100%|HS|  |TAMS 0x0000000081200000, 0x0000000081100000| Complete 
|  18|0x0000000081200000, 0x0000000081300000, 0x0000000081300000|100%| O|  |TAMS 0x0000000081300000, 0x0000000081200000| Untracked 
|  19|0x0000000081300000, 0x0000000081400000, 0x0000000081400000|100%| O|  |TAMS 0x0000000081400000, 0x0000000081300000| Untracked 
|  20|0x0000000081400000, 0x0000000081500000, 0x0000000081500000|100%| O|  |TAMS 0x0000000081500000, 0x0000000081400000| Untracked 
|  21|0x0000000081500000, 0x0000000081600000, 0x0000000081600000|100%| O|  |TAMS 0x0000000081600000, 0x0000000081500000| Untracked 
|  22|0x0000000081600000, 0x0000000081700000, 0x0000000081700000|100%| O|  |TAMS 0x0000000081700000, 0x0000000081600000| Untracked 
|  23|0x0000000081700000, 0x0000000081800000, 0x0000000081800000|100%| O|  |TAMS 0x0000000081800000, 0x0000000081700000| Untracked 
|  24|0x0000000081800000, 0x0000000081900000, 0x0000000081900000|100%|HS|  |TAMS 0x0000000081900000, 0x0000000081800000| Complete 
|  25|0x0000000081900000, 0x0000000081a00000, 0x0000000081a00000|100%| O|  |TAMS 0x0000000081a00000, 0x0000000081900000| Untracked 
|  26|0x0000000081a00000, 0x0000000081b00000, 0x0000000081b00000|100%|HS|  |TAMS 0x0000000081b00000, 0x0000000081a00000| Complete 
|  27|0x0000000081b00000, 0x0000000081c00000, 0x0000000081c00000|100%|HC|  |TAMS 0x0000000081c00000, 0x0000000081b00000| Complete 
|  28|0x0000000081c00000, 0x0000000081d00000, 0x0000000081d00000|100%| O|  |TAMS 0x0000000081d00000, 0x0000000081c00000| Untracked 
|  29|0x0000000081d00000, 0x0000000081e00000, 0x0000000081e00000|100%| O|  |TAMS 0x0000000081e00000, 0x0000000081d00000| Untracked 
|  30|0x0000000081e00000, 0x0000000081f00000, 0x0000000081f00000|100%| O|  |TAMS 0x0000000081f00000, 0x0000000081e00000| Untracked 
|  31|0x0000000081f00000, 0x0000000082000000, 0x0000000082000000|100%| O|  |TAMS 0x0000000082000000, 0x0000000081f00000| Untracked 
|  32|0x0000000082000000, 0x0000000082100000, 0x0000000082100000|100%| O|  |TAMS 0x0000000082100000, 0x0000000082000000| Untracked 
|  33|0x0000000082100000, 0x0000000082200000, 0x0000000082200000|100%| O|  |TAMS 0x0000000082200000, 0x0000000082100000| Untracked 
|  34|0x0000000082200000, 0x0000000082300000, 0x0000000082300000|100%| O|  |TAMS 0x0000000082300000, 0x0000000082200000| Untracked 
|  35|0x0000000082300000, 0x0000000082400000, 0x0000000082400000|100%| O|  |TAMS 0x0000000082400000, 0x0000000082300000| Untracked 
|  36|0x0000000082400000, 0x0000000082500000, 0x0000000082500000|100%| O|  |TAMS 0x0000000082500000, 0x0000000082400000| Untracked 
|  37|0x0000000082500000, 0x0000000082600000, 0x0000000082600000|100%| O|  |TAMS 0x0000000082600000, 0x0000000082500000| Untracked 
|  38|0x0000000082600000, 0x0000000082700000, 0x0000000082700000|100%| O|  |TAMS 0x0000000082700000, 0x0000000082600000| Untracked 
|  39|0x0000000082700000, 0x0000000082800000, 0x0000000082800000|100%| O|  |TAMS 0x0000000082800000, 0x0000000082700000| Untracked 
|  40|0x0000000082800000, 0x0000000082900000, 0x0000000082900000|100%| O|  |TAMS 0x0000000082900000, 0x0000000082800000| Untracked 
|  41|0x0000000082900000, 0x0000000082a00000, 0x0000000082a00000|100%| O|  |TAMS 0x0000000082915a00, 0x0000000082900000| Untracked 
|  42|0x0000000082a00000, 0x0000000082b00000, 0x0000000082b00000|100%| O|  |TAMS 0x0000000082a00000, 0x0000000082a00000| Untracked 
|  43|0x0000000082b00000, 0x0000000082c00000, 0x0000000082c00000|100%| O|  |TAMS 0x0000000082b00000, 0x0000000082b00000| Untracked 
|  44|0x0000000082c00000, 0x0000000082d00000, 0x0000000082d00000|100%| O|  |TAMS 0x0000000082c00000, 0x0000000082c00000| Untracked 
|  45|0x0000000082d00000, 0x0000000082e00000, 0x0000000082e00000|100%| O|  |TAMS 0x0000000082d00000, 0x0000000082d00000| Untracked 
|  46|0x0000000082e00000, 0x0000000082f00000, 0x0000000082f00000|100%| O|  |TAMS 0x0000000082e00000, 0x0000000082e00000| Untracked 
|  47|0x0000000082f00000, 0x0000000083000000, 0x0000000083000000|100%| O|  |TAMS 0x0000000082f00000, 0x0000000082f00000| Untracked 
|  48|0x0000000083000000, 0x0000000083100000, 0x0000000083100000|100%| O|  |TAMS 0x0000000083000000, 0x0000000083000000| Untracked 
|  49|0x0000000083100000, 0x0000000083200000, 0x0000000083200000|100%| O|  |TAMS 0x0000000083100000, 0x0000000083100000| Untracked 
|  50|0x0000000083200000, 0x0000000083300000, 0x0000000083300000|100%| O|  |TAMS 0x0000000083200000, 0x0000000083200000| Untracked 
|  51|0x0000000083300000, 0x0000000083400000, 0x0000000083400000|100%| O|  |TAMS 0x0000000083300000, 0x0000000083300000| Untracked 
|  52|0x0000000083400000, 0x0000000083500000, 0x0000000083500000|100%| O|  |TAMS 0x0000000083400000, 0x0000000083400000| Untracked 
|  53|0x0000000083500000, 0x0000000083600000, 0x0000000083600000|100%| O|  |TAMS 0x0000000083500000, 0x0000000083500000| Untracked 
|  54|0x0000000083600000, 0x0000000083700000, 0x0000000083700000|100%| O|  |TAMS 0x0000000083600000, 0x0000000083600000| Untracked 
|  55|0x0000000083700000, 0x0000000083800000, 0x0000000083800000|100%| O|  |TAMS 0x0000000083700000, 0x0000000083700000| Untracked 
|  56|0x0000000083800000, 0x0000000083900000, 0x0000000083900000|100%| O|  |TAMS 0x0000000083800000, 0x0000000083800000| Untracked 
|  57|0x0000000083900000, 0x0000000083a00000, 0x0000000083a00000|100%| O|  |TAMS 0x0000000083900000, 0x0000000083900000| Untracked 
|  58|0x0000000083a00000, 0x0000000083b00000, 0x0000000083b00000|100%| O|  |TAMS 0x0000000083a00000, 0x0000000083a00000| Untracked 
|  59|0x0000000083b00000, 0x0000000083c00000, 0x0000000083c00000|100%| O|  |TAMS 0x0000000083b00000, 0x0000000083b00000| Untracked 
|  60|0x0000000083c00000, 0x0000000083d00000, 0x0000000083d00000|100%| O|  |TAMS 0x0000000083c00000, 0x0000000083c00000| Untracked 
|  61|0x0000000083d00000, 0x0000000083e00000, 0x0000000083e00000|100%| O|  |TAMS 0x0000000083d00000, 0x0000000083d00000| Untracked 
|  62|0x0000000083e00000, 0x0000000083f00000, 0x0000000083f00000|100%| O|  |TAMS 0x0000000083e00000, 0x0000000083e00000| Untracked 
|  63|0x0000000083f00000, 0x0000000084000000, 0x0000000084000000|100%| O|  |TAMS 0x0000000083f00000, 0x0000000083f00000| Untracked 
|  64|0x0000000084000000, 0x0000000084100000, 0x0000000084100000|100%| O|  |TAMS 0x0000000084000000, 0x0000000084000000| Untracked 
|  65|0x0000000084100000, 0x0000000084200000, 0x0000000084200000|100%| O|  |TAMS 0x0000000084100000, 0x0000000084100000| Untracked 
|  66|0x0000000084200000, 0x0000000084300000, 0x0000000084300000|100%| O|  |TAMS 0x0000000084200000, 0x0000000084200000| Untracked 
|  67|0x0000000084300000, 0x0000000084400000, 0x0000000084400000|100%| O|  |TAMS 0x0000000084300000, 0x0000000084300000| Untracked 
|  68|0x0000000084400000, 0x0000000084500000, 0x0000000084500000|100%| O|  |TAMS 0x0000000084400000, 0x0000000084400000| Untracked 
|  69|0x0000000084500000, 0x0000000084600000, 0x0000000084600000|100%| O|  |TAMS 0x0000000084500000, 0x0000000084500000| Untracked 
|  70|0x0000000084600000, 0x0000000084700000, 0x0000000084700000|100%| O|  |TAMS 0x0000000084600000, 0x0000000084600000| Untracked 
|  71|0x0000000084700000, 0x0000000084800000, 0x0000000084800000|100%| O|  |TAMS 0x0000000084700000, 0x0000000084700000| Untracked 
|  72|0x0000000084800000, 0x0000000084900000, 0x0000000084900000|100%| O|  |TAMS 0x0000000084800000, 0x0000000084800000| Untracked 
|  73|0x0000000084900000, 0x0000000084a00000, 0x0000000084a00000|100%| O|  |TAMS 0x0000000084900000, 0x0000000084900000| Untracked 
|  74|0x0000000084a00000, 0x0000000084b00000, 0x0000000084b00000|100%| O|  |TAMS 0x0000000084a00000, 0x0000000084a00000| Untracked 
|  75|0x0000000084b00000, 0x0000000084c00000, 0x0000000084c00000|100%| O|  |TAMS 0x0000000084b00000, 0x0000000084b00000| Untracked 
|  76|0x0000000084c00000, 0x0000000084d00000, 0x0000000084d00000|100%| O|  |TAMS 0x0000000084c00000, 0x0000000084c00000| Untracked 
|  77|0x0000000084d00000, 0x0000000084e00000, 0x0000000084e00000|100%| O|  |TAMS 0x0000000084d00000, 0x0000000084d00000| Untracked 
|  78|0x0000000084e00000, 0x0000000084f00000, 0x0000000084f00000|100%| O|  |TAMS 0x0000000084e00000, 0x0000000084e00000| Untracked 
|  79|0x0000000084f00000, 0x0000000085000000, 0x0000000085000000|100%| O|  |TAMS 0x0000000084f00000, 0x0000000084f00000| Untracked 
|  80|0x0000000085000000, 0x0000000085100000, 0x0000000085100000|100%| O|  |TAMS 0x0000000085000000, 0x0000000085000000| Untracked 
|  81|0x0000000085100000, 0x0000000085200000, 0x0000000085200000|100%| O|  |TAMS 0x0000000085100000, 0x0000000085100000| Untracked 
|  82|0x0000000085200000, 0x0000000085300000, 0x0000000085300000|100%| O|  |TAMS 0x0000000085200000, 0x0000000085200000| Untracked 
|  83|0x0000000085300000, 0x0000000085400000, 0x0000000085400000|100%| O|  |TAMS 0x0000000085300000, 0x0000000085300000| Untracked 
|  84|0x0000000085400000, 0x0000000085500000, 0x0000000085500000|100%| O|  |TAMS 0x0000000085400000, 0x0000000085400000| Untracked 
|  85|0x0000000085500000, 0x0000000085600000, 0x0000000085600000|100%| O|  |TAMS 0x0000000085500000, 0x0000000085500000| Untracked 
|  86|0x0000000085600000, 0x0000000085700000, 0x0000000085700000|100%| O|  |TAMS 0x0000000085600000, 0x0000000085600000| Untracked 
|  87|0x0000000085700000, 0x0000000085800000, 0x0000000085800000|100%| O|  |TAMS 0x0000000085700000, 0x0000000085700000| Untracked 
|  88|0x0000000085800000, 0x0000000085900000, 0x0000000085900000|100%| O|  |TAMS 0x0000000085800000, 0x0000000085800000| Untracked 
|  89|0x0000000085900000, 0x0000000085a00000, 0x0000000085a00000|100%| O|  |TAMS 0x0000000085900000, 0x0000000085900000| Untracked 
|  90|0x0000000085a00000, 0x0000000085b00000, 0x0000000085b00000|100%| O|  |TAMS 0x0000000085a00000, 0x0000000085a00000| Untracked 
|  91|0x0000000085b00000, 0x0000000085c00000, 0x0000000085c00000|100%| O|  |TAMS 0x0000000085b00000, 0x0000000085b00000| Untracked 
|  92|0x0000000085c00000, 0x0000000085d00000, 0x0000000085d00000|100%| O|  |TAMS 0x0000000085c00000, 0x0000000085c00000| Untracked 
|  93|0x0000000085d00000, 0x0000000085e00000, 0x0000000085e00000|100%| O|  |TAMS 0x0000000085d00000, 0x0000000085d00000| Untracked 
|  94|0x0000000085e00000, 0x0000000085e00000, 0x0000000085f00000|  0%| F|  |TAMS 0x0000000085e00000, 0x0000000085e00000| Untracked 
|  95|0x0000000085f00000, 0x0000000085f00000, 0x0000000086000000|  0%| F|  |TAMS 0x0000000085f00000, 0x0000000085f00000| Untracked 
|  96|0x0000000086000000, 0x0000000086000000, 0x0000000086100000|  0%| F|  |TAMS 0x0000000086000000, 0x0000000086000000| Untracked 
|  97|0x0000000086100000, 0x0000000086100000, 0x0000000086200000|  0%| F|  |TAMS 0x0000000086100000, 0x0000000086100000| Untracked 
|  98|0x0000000086200000, 0x0000000086200000, 0x0000000086300000|  0%| F|  |TAMS 0x0000000086200000, 0x0000000086200000| Untracked 
|  99|0x0000000086300000, 0x0000000086300000, 0x0000000086400000|  0%| F|  |TAMS 0x0000000086300000, 0x0000000086300000| Untracked 
| 100|0x0000000086400000, 0x0000000086400000, 0x0000000086500000|  0%| F|  |TAMS 0x0000000086400000, 0x0000000086400000| Untracked 
| 101|0x0000000086500000, 0x0000000086500000, 0x0000000086600000|  0%| F|  |TAMS 0x0000000086500000, 0x0000000086500000| Untracked 
| 102|0x0000000086600000, 0x0000000086600000, 0x0000000086700000|  0%| F|  |TAMS 0x0000000086600000, 0x0000000086600000| Untracked 
| 103|0x0000000086700000, 0x0000000086700000, 0x0000000086800000|  0%| F|  |TAMS 0x0000000086700000, 0x0000000086700000| Untracked 
| 104|0x0000000086800000, 0x0000000086800000, 0x0000000086900000|  0%| F|  |TAMS 0x0000000086800000, 0x0000000086800000| Untracked 
| 105|0x0000000086900000, 0x0000000086900000, 0x0000000086a00000|  0%| F|  |TAMS 0x0000000086900000, 0x0000000086900000| Untracked 
| 106|0x0000000086a00000, 0x0000000086a00000, 0x0000000086b00000|  0%| F|  |TAMS 0x0000000086a00000, 0x0000000086a00000| Untracked 
| 107|0x0000000086b00000, 0x0000000086b00000, 0x0000000086c00000|  0%| F|  |TAMS 0x0000000086b00000, 0x0000000086b00000| Untracked 
| 108|0x0000000086c00000, 0x0000000086c00000, 0x0000000086d00000|  0%| F|  |TAMS 0x0000000086c00000, 0x0000000086c00000| Untracked 
| 109|0x0000000086d00000, 0x0000000086d00000, 0x0000000086e00000|  0%| F|  |TAMS 0x0000000086d00000, 0x0000000086d00000| Untracked 
| 110|0x0000000086e00000, 0x0000000086e00000, 0x0000000086f00000|  0%| F|  |TAMS 0x0000000086e00000, 0x0000000086e00000| Untracked 
| 111|0x0000000086f00000, 0x0000000086f00000, 0x0000000087000000|  0%| F|  |TAMS 0x0000000086f00000, 0x0000000086f00000| Untracked 
| 112|0x0000000087000000, 0x0000000087000000, 0x0000000087100000|  0%| F|  |TAMS 0x0000000087000000, 0x0000000087000000| Untracked 
| 113|0x0000000087100000, 0x0000000087100000, 0x0000000087200000|  0%| F|  |TAMS 0x0000000087100000, 0x0000000087100000| Untracked 
| 114|0x0000000087200000, 0x0000000087200000, 0x0000000087300000|  0%| F|  |TAMS 0x0000000087200000, 0x0000000087200000| Untracked 
| 115|0x0000000087300000, 0x0000000087300000, 0x0000000087400000|  0%| F|  |TAMS 0x0000000087300000, 0x0000000087300000| Untracked 
| 116|0x0000000087400000, 0x0000000087400000, 0x0000000087500000|  0%| F|  |TAMS 0x0000000087400000, 0x0000000087400000| Untracked 
| 117|0x0000000087500000, 0x0000000087500000, 0x0000000087600000|  0%| F|  |TAMS 0x0000000087500000, 0x0000000087500000| Untracked 
| 118|0x0000000087600000, 0x0000000087600000, 0x0000000087700000|  0%| F|  |TAMS 0x0000000087600000, 0x0000000087600000| Untracked 
| 119|0x0000000087700000, 0x0000000087700000, 0x0000000087800000|  0%| F|  |TAMS 0x0000000087700000, 0x0000000087700000| Untracked 
| 120|0x0000000087800000, 0x0000000087800000, 0x0000000087900000|  0%| F|  |TAMS 0x0000000087800000, 0x0000000087800000| Untracked 
| 121|0x0000000087900000, 0x0000000087900000, 0x0000000087a00000|  0%| F|  |TAMS 0x0000000087900000, 0x0000000087900000| Untracked 
| 122|0x0000000087a00000, 0x0000000087a00000, 0x0000000087b00000|  0%| F|  |TAMS 0x0000000087a00000, 0x0000000087a00000| Untracked 
| 123|0x0000000087b00000, 0x0000000087c00000, 0x0000000087c00000|100%| S|CS|TAMS 0x0000000087b00000, 0x0000000087b00000| Complete 
| 124|0x0000000087c00000, 0x0000000087d00000, 0x0000000087d00000|100%| S|CS|TAMS 0x0000000087c00000, 0x0000000087c00000| Complete 
| 125|0x0000000087d00000, 0x0000000087d00000, 0x0000000087e00000|  0%| F|  |TAMS 0x0000000087d00000, 0x0000000087d00000| Untracked 
| 126|0x0000000087e00000, 0x0000000087e00000, 0x0000000087f00000|  0%| F|  |TAMS 0x0000000087e00000, 0x0000000087e00000| Untracked 
| 127|0x0000000087f00000, 0x0000000087f00000, 0x0000000088000000|  0%| F|  |TAMS 0x0000000087f00000, 0x0000000087f00000| Untracked 
| 128|0x0000000088000000, 0x0000000088000000, 0x0000000088100000|  0%| F|  |TAMS 0x0000000088000000, 0x0000000088000000| Untracked 
| 129|0x0000000088100000, 0x0000000088100000, 0x0000000088200000|  0%| F|  |TAMS 0x0000000088100000, 0x0000000088100000| Untracked 
| 130|0x0000000088200000, 0x0000000088200000, 0x0000000088300000|  0%| F|  |TAMS 0x0000000088200000, 0x0000000088200000| Untracked 
| 131|0x0000000088300000, 0x0000000088300000, 0x0000000088400000|  0%| F|  |TAMS 0x0000000088300000, 0x0000000088300000| Untracked 
| 132|0x0000000088400000, 0x0000000088500000, 0x0000000088500000|100%| S|CS|TAMS 0x0000000088400000, 0x0000000088400000| Complete 
| 133|0x0000000088500000, 0x0000000088600000, 0x0000000088600000|100%| S|CS|TAMS 0x0000000088500000, 0x0000000088500000| Complete 
| 134|0x0000000088600000, 0x0000000088700000, 0x0000000088700000|100%| S|CS|TAMS 0x0000000088600000, 0x0000000088600000| Complete 
| 135|0x0000000088700000, 0x0000000088800000, 0x0000000088800000|100%| S|CS|TAMS 0x0000000088700000, 0x0000000088700000| Complete 
| 136|0x0000000088800000, 0x0000000088900000, 0x0000000088900000|100%| S|CS|TAMS 0x0000000088800000, 0x0000000088800000| Complete 
| 137|0x0000000088900000, 0x0000000088a00000, 0x0000000088a00000|100%| S|CS|TAMS 0x0000000088900000, 0x0000000088900000| Complete 
| 138|0x0000000088a00000, 0x0000000088b00000, 0x0000000088b00000|100%| S|CS|TAMS 0x0000000088a00000, 0x0000000088a00000| Complete 
| 139|0x0000000088b00000, 0x0000000088c00000, 0x0000000088c00000|100%| S|CS|TAMS 0x0000000088b00000, 0x0000000088b00000| Complete 
| 140|0x0000000088c00000, 0x0000000088d00000, 0x0000000088d00000|100%| S|CS|TAMS 0x0000000088c00000, 0x0000000088c00000| Complete 
| 141|0x0000000088d00000, 0x0000000088e00000, 0x0000000088e00000|100%| S|CS|TAMS 0x0000000088d00000, 0x0000000088d00000| Complete 
| 142|0x0000000088e00000, 0x0000000088e00000, 0x0000000088f00000|  0%| F|  |TAMS 0x0000000088e00000, 0x0000000088e00000| Untracked 
| 143|0x0000000088f00000, 0x0000000088f00000, 0x0000000089000000|  0%| F|  |TAMS 0x0000000088f00000, 0x0000000088f00000| Untracked 
| 144|0x0000000089000000, 0x0000000089000000, 0x0000000089100000|  0%| F|  |TAMS 0x0000000089000000, 0x0000000089000000| Untracked 
| 145|0x0000000089100000, 0x0000000089100000, 0x0000000089200000|  0%| F|  |TAMS 0x0000000089100000, 0x0000000089100000| Untracked 
| 146|0x0000000089200000, 0x0000000089200000, 0x0000000089300000|  0%| F|  |TAMS 0x0000000089200000, 0x0000000089200000| Untracked 
| 147|0x0000000089300000, 0x0000000089300000, 0x0000000089400000|  0%| F|  |TAMS 0x0000000089300000, 0x0000000089300000| Untracked 
| 148|0x0000000089400000, 0x0000000089400000, 0x0000000089500000|  0%| F|  |TAMS 0x0000000089400000, 0x0000000089400000| Untracked 
| 149|0x0000000089500000, 0x0000000089500000, 0x0000000089600000|  0%| F|  |TAMS 0x0000000089500000, 0x0000000089500000| Untracked 
| 150|0x0000000089600000, 0x0000000089600000, 0x0000000089700000|  0%| F|  |TAMS 0x0000000089600000, 0x0000000089600000| Untracked 
| 151|0x0000000089700000, 0x0000000089700000, 0x0000000089800000|  0%| F|  |TAMS 0x0000000089700000, 0x0000000089700000| Untracked 
| 152|0x0000000089800000, 0x0000000089800000, 0x0000000089900000|  0%| F|  |TAMS 0x0000000089800000, 0x0000000089800000| Untracked 
| 153|0x0000000089900000, 0x0000000089900000, 0x0000000089a00000|  0%| F|  |TAMS 0x0000000089900000, 0x0000000089900000| Untracked 
| 154|0x0000000089a00000, 0x0000000089a00000, 0x0000000089b00000|  0%| F|  |TAMS 0x0000000089a00000, 0x0000000089a00000| Untracked 
| 155|0x0000000089b00000, 0x0000000089b00000, 0x0000000089c00000|  0%| F|  |TAMS 0x0000000089b00000, 0x0000000089b00000| Untracked 
| 156|0x0000000089c00000, 0x0000000089c00000, 0x0000000089d00000|  0%| F|  |TAMS 0x0000000089c00000, 0x0000000089c00000| Untracked 
| 157|0x0000000089d00000, 0x0000000089d00000, 0x0000000089e00000|  0%| F|  |TAMS 0x0000000089d00000, 0x0000000089d00000| Untracked 
| 158|0x0000000089e00000, 0x0000000089e00000, 0x0000000089f00000|  0%| F|  |TAMS 0x0000000089e00000, 0x0000000089e00000| Untracked 
| 159|0x0000000089f00000, 0x0000000089f00000, 0x000000008a000000|  0%| F|  |TAMS 0x0000000089f00000, 0x0000000089f00000| Untracked 
| 160|0x000000008a000000, 0x000000008a000000, 0x000000008a100000|  0%| F|  |TAMS 0x000000008a000000, 0x000000008a000000| Untracked 
| 161|0x000000008a100000, 0x000000008a100000, 0x000000008a200000|  0%| F|  |TAMS 0x000000008a100000, 0x000000008a100000| Untracked 
| 162|0x000000008a200000, 0x000000008a200000, 0x000000008a300000|  0%| F|  |TAMS 0x000000008a200000, 0x000000008a200000| Untracked 
| 163|0x000000008a300000, 0x000000008a300000, 0x000000008a400000|  0%| F|  |TAMS 0x000000008a300000, 0x000000008a300000| Untracked 
| 164|0x000000008a400000, 0x000000008a400000, 0x000000008a500000|  0%| F|  |TAMS 0x000000008a400000, 0x000000008a400000| Untracked 
| 165|0x000000008a500000, 0x000000008a500000, 0x000000008a600000|  0%| F|  |TAMS 0x000000008a500000, 0x000000008a500000| Untracked 
| 166|0x000000008a600000, 0x000000008a600000, 0x000000008a700000|  0%| F|  |TAMS 0x000000008a600000, 0x000000008a600000| Untracked 
| 167|0x000000008a700000, 0x000000008a700000, 0x000000008a800000|  0%| F|  |TAMS 0x000000008a700000, 0x000000008a700000| Untracked 
| 168|0x000000008a800000, 0x000000008a800000, 0x000000008a900000|  0%| F|  |TAMS 0x000000008a800000, 0x000000008a800000| Untracked 
| 169|0x000000008a900000, 0x000000008a900000, 0x000000008aa00000|  0%| F|  |TAMS 0x000000008a900000, 0x000000008a900000| Untracked 
| 170|0x000000008aa00000, 0x000000008aa00000, 0x000000008ab00000|  0%| F|  |TAMS 0x000000008aa00000, 0x000000008aa00000| Untracked 
| 171|0x000000008ab00000, 0x000000008ab00000, 0x000000008ac00000|  0%| F|  |TAMS 0x000000008ab00000, 0x000000008ab00000| Untracked 
| 172|0x000000008ac00000, 0x000000008ac00000, 0x000000008ad00000|  0%| F|  |TAMS 0x000000008ac00000, 0x000000008ac00000| Untracked 
| 173|0x000000008ad00000, 0x000000008ad00000, 0x000000008ae00000|  0%| F|  |TAMS 0x000000008ad00000, 0x000000008ad00000| Untracked 
| 174|0x000000008ae00000, 0x000000008ae00000, 0x000000008af00000|  0%| F|  |TAMS 0x000000008ae00000, 0x000000008ae00000| Untracked 
| 175|0x000000008af00000, 0x000000008af00000, 0x000000008b000000|  0%| F|  |TAMS 0x000000008af00000, 0x000000008af00000| Untracked 
| 176|0x000000008b000000, 0x000000008b000000, 0x000000008b100000|  0%| F|  |TAMS 0x000000008b000000, 0x000000008b000000| Untracked 
| 177|0x000000008b100000, 0x000000008b100000, 0x000000008b200000|  0%| F|  |TAMS 0x000000008b100000, 0x000000008b100000| Untracked 
| 178|0x000000008b200000, 0x000000008b200000, 0x000000008b300000|  0%| F|  |TAMS 0x000000008b200000, 0x000000008b200000| Untracked 
| 179|0x000000008b300000, 0x000000008b300000, 0x000000008b400000|  0%| F|  |TAMS 0x000000008b300000, 0x000000008b300000| Untracked 
| 180|0x000000008b400000, 0x000000008b400000, 0x000000008b500000|  0%| F|  |TAMS 0x000000008b400000, 0x000000008b400000| Untracked 
| 181|0x000000008b500000, 0x000000008b500000, 0x000000008b600000|  0%| F|  |TAMS 0x000000008b500000, 0x000000008b500000| Untracked 
| 182|0x000000008b600000, 0x000000008b600000, 0x000000008b700000|  0%| F|  |TAMS 0x000000008b600000, 0x000000008b600000| Untracked 
| 183|0x000000008b700000, 0x000000008b700000, 0x000000008b800000|  0%| F|  |TAMS 0x000000008b700000, 0x000000008b700000| Untracked 
| 184|0x000000008b800000, 0x000000008b800000, 0x000000008b900000|  0%| F|  |TAMS 0x000000008b800000, 0x000000008b800000| Untracked 
| 185|0x000000008b900000, 0x000000008b900000, 0x000000008ba00000|  0%| F|  |TAMS 0x000000008b900000, 0x000000008b900000| Untracked 
| 186|0x000000008ba00000, 0x000000008ba00000, 0x000000008bb00000|  0%| F|  |TAMS 0x000000008ba00000, 0x000000008ba00000| Untracked 
| 187|0x000000008bb00000, 0x000000008bb00000, 0x000000008bc00000|  0%| F|  |TAMS 0x000000008bb00000, 0x000000008bb00000| Untracked 
| 188|0x000000008bc00000, 0x000000008bc00000, 0x000000008bd00000|  0%| F|  |TAMS 0x000000008bc00000, 0x000000008bc00000| Untracked 
| 189|0x000000008bd00000, 0x000000008bd00000, 0x000000008be00000|  0%| F|  |TAMS 0x000000008bd00000, 0x000000008bd00000| Untracked 
| 190|0x000000008be00000, 0x000000008be00000, 0x000000008bf00000|  0%| F|  |TAMS 0x000000008be00000, 0x000000008be00000| Untracked 
| 191|0x000000008bf00000, 0x000000008bf00000, 0x000000008c000000|  0%| F|  |TAMS 0x000000008bf00000, 0x000000008bf00000| Untracked 
| 192|0x000000008c000000, 0x000000008c000000, 0x000000008c100000|  0%| F|  |TAMS 0x000000008c000000, 0x000000008c000000| Untracked 
| 193|0x000000008c100000, 0x000000008c100000, 0x000000008c200000|  0%| F|  |TAMS 0x000000008c100000, 0x000000008c100000| Untracked 
| 194|0x000000008c200000, 0x000000008c200000, 0x000000008c300000|  0%| F|  |TAMS 0x000000008c200000, 0x000000008c200000| Untracked 
| 195|0x000000008c300000, 0x000000008c300000, 0x000000008c400000|  0%| F|  |TAMS 0x000000008c300000, 0x000000008c300000| Untracked 
| 196|0x000000008c400000, 0x000000008c400000, 0x000000008c500000|  0%| F|  |TAMS 0x000000008c400000, 0x000000008c400000| Untracked 
| 197|0x000000008c500000, 0x000000008c500000, 0x000000008c600000|  0%| F|  |TAMS 0x000000008c500000, 0x000000008c500000| Untracked 
| 198|0x000000008c600000, 0x000000008c600000, 0x000000008c700000|  0%| F|  |TAMS 0x000000008c600000, 0x000000008c600000| Untracked 
| 199|0x000000008c700000, 0x000000008c700000, 0x000000008c800000|  0%| F|  |TAMS 0x000000008c700000, 0x000000008c700000| Untracked 
| 200|0x000000008c800000, 0x000000008c800000, 0x000000008c900000|  0%| F|  |TAMS 0x000000008c800000, 0x000000008c800000| Untracked 
| 201|0x000000008c900000, 0x000000008c900000, 0x000000008ca00000|  0%| F|  |TAMS 0x000000008c900000, 0x000000008c900000| Untracked 
| 202|0x000000008ca00000, 0x000000008ca00000, 0x000000008cb00000|  0%| F|  |TAMS 0x000000008ca00000, 0x000000008ca00000| Untracked 
| 203|0x000000008cb00000, 0x000000008cb5cf58, 0x000000008cc00000| 36%| E|  |TAMS 0x000000008cb00000, 0x000000008cb00000| Complete 
| 204|0x000000008cc00000, 0x000000008cd00000, 0x000000008cd00000|100%| E|CS|TAMS 0x000000008cc00000, 0x000000008cc00000| Complete 
| 205|0x000000008cd00000, 0x000000008ce00000, 0x000000008ce00000|100%| E|CS|TAMS 0x000000008cd00000, 0x000000008cd00000| Complete 
| 206|0x000000008ce00000, 0x000000008cf00000, 0x000000008cf00000|100%| E|CS|TAMS 0x000000008ce00000, 0x000000008ce00000| Complete 
| 207|0x000000008cf00000, 0x000000008d000000, 0x000000008d000000|100%| E|CS|TAMS 0x000000008cf00000, 0x000000008cf00000| Complete 
| 208|0x000000008d000000, 0x000000008d100000, 0x000000008d100000|100%| E|CS|TAMS 0x000000008d000000, 0x000000008d000000| Complete 
| 209|0x000000008d100000, 0x000000008d200000, 0x000000008d200000|100%| E|CS|TAMS 0x000000008d100000, 0x000000008d100000| Complete 
| 210|0x000000008d200000, 0x000000008d300000, 0x000000008d300000|100%| E|CS|TAMS 0x000000008d200000, 0x000000008d200000| Complete 
| 211|0x000000008d300000, 0x000000008d400000, 0x000000008d400000|100%| E|CS|TAMS 0x000000008d300000, 0x000000008d300000| Complete 
| 212|0x000000008d400000, 0x000000008d500000, 0x000000008d500000|100%| E|CS|TAMS 0x000000008d400000, 0x000000008d400000| Complete 
| 213|0x000000008d500000, 0x000000008d600000, 0x000000008d600000|100%| E|CS|TAMS 0x000000008d500000, 0x000000008d500000| Complete 
| 214|0x000000008d600000, 0x000000008d700000, 0x000000008d700000|100%| E|CS|TAMS 0x000000008d600000, 0x000000008d600000| Complete 
| 215|0x000000008d700000, 0x000000008d800000, 0x000000008d800000|100%| E|CS|TAMS 0x000000008d700000, 0x000000008d700000| Complete 
| 216|0x000000008d800000, 0x000000008d900000, 0x000000008d900000|100%| E|CS|TAMS 0x000000008d800000, 0x000000008d800000| Complete 
| 217|0x000000008d900000, 0x000000008da00000, 0x000000008da00000|100%| E|CS|TAMS 0x000000008d900000, 0x000000008d900000| Complete 
| 218|0x000000008da00000, 0x000000008db00000, 0x000000008db00000|100%| E|CS|TAMS 0x000000008da00000, 0x000000008da00000| Complete 
| 219|0x000000008db00000, 0x000000008dc00000, 0x000000008dc00000|100%| E|CS|TAMS 0x000000008db00000, 0x000000008db00000| Complete 

Card table byte_map: [0x0000024b47970000,0x0000024b47d70000] _byte_map_base: 0x0000024b47570000

Marking Bits (Prev, Next): (CMBitMap*) 0x0000024b34550210, (CMBitMap*) 0x0000024b345501d8
 Prev Bits: [0x0000024b4a170000, 0x0000024b4c170000)
 Next Bits: [0x0000024b48170000, 0x0000024b4a170000)

Polling page: 0x0000024b32470000

Metaspace:

Usage:
  Non-class:     83.95 MB capacity,    82.16 MB ( 98%) used,     1.47 MB (  2%) free+waste,   331.75 KB ( <1%) overhead. 
      Class:     13.56 MB capacity,    12.43 MB ( 92%) used,   999.25 KB (  7%) free+waste,   157.06 KB (  1%) overhead. 
       Both:     97.51 MB capacity,    94.59 MB ( 97%) used,     2.44 MB (  3%) free+waste,   488.81 KB ( <1%) overhead. 

Virtual space:
  Non-class space:       90.00 MB reserved,      84.09 MB ( 93%) committed 
      Class space:        1.00 GB reserved,      13.57 MB (  1%) committed 
             Both:        1.09 GB reserved,      97.66 MB (  9%) committed 

Chunk freelists:
   Non-Class:  14.00 KB
       Class:  2.00 KB
        Both:  16.00 KB

MaxMetaspaceSize: 17179869184.00 GB
CompressedClassSpaceSize: 1.00 GB
Initial GC threshold: 20.80 MB
Current GC threshold: 99.23 MB
CDS: off

CodeHeap 'non-profiled nmethods': size=120000Kb used=6116Kb max_used=6116Kb free=113883Kb
 bounds [0x0000024b3faf0000, 0x0000024b400f0000, 0x0000024b47020000]
CodeHeap 'profiled nmethods': size=120000Kb used=22775Kb max_used=22775Kb free=97225Kb
 bounds [0x0000024b385c0000, 0x0000024b39c00000, 0x0000024b3faf0000]
CodeHeap 'non-nmethods': size=5760Kb used=2396Kb max_used=2438Kb free=3363Kb
 bounds [0x0000024b38020000, 0x0000024b38290000, 0x0000024b385c0000]
 total_blobs=11645 nmethods=10726 adapters=831
 compilation: enabled
              stopped_count=0, restarted_count=0
 full_count=0

Compilation events (20 events):
Event: 12.735 Thread 0x0000024b4f65f800 10840       2       com.android.tools.r8.internal.eb::a (18 bytes)
Event: 12.736 Thread 0x0000024b4f65f800 nmethod 10840 0x0000024b39bf7990 code [0x0000024b39bf7b40, 0x0000024b39bf7c88]
Event: 12.743 Thread 0x0000024b4ee0d000 nmethod 10650 0x0000024b400e4f10 code [0x0000024b400e51a0, 0x0000024b400e77b8]
Event: 12.743 Thread 0x0000024b4ee0d000 10828  s!   4       jdk.internal.loader.URLClassPath::getLoader (194 bytes)
Event: 12.744 Thread 0x0000024b4f65f800 10841       2       com.android.tools.r8.internal.Ne::equals (60 bytes)
Event: 12.744 Thread 0x0000024b4f65f800 nmethod 10841 0x0000024b39bf7d10 code [0x0000024b39bf7ec0, 0x0000024b39bf80b8]
Event: 12.747 Thread 0x0000024b4f65f800 10842   !   2       com.android.tools.r8.graph.a1::toString (17 bytes)
Event: 12.747 Thread 0x0000024b4f65f800 nmethod 10842 0x0000024b39bf8190 code [0x0000024b39bf8380, 0x0000024b39bf86f8]
Event: 12.748 Thread 0x0000024b4f65f800 10843       2       com.android.tools.r8.internal.r00::e (16 bytes)
Event: 12.748 Thread 0x0000024b4f65f800 nmethod 10843 0x0000024b39bf8910 code [0x0000024b39bf8ac0, 0x0000024b39bf8bd8]
Event: 12.748 Thread 0x0000024b4f65f800 10844       2       com.android.tools.r8.graph.s0::a (54 bytes)
Event: 12.750 Thread 0x0000024b4f65f800 nmethod 10844 0x0000024b39bf8c90 code [0x0000024b39bf8f20, 0x0000024b39bf9828]
Event: 12.792 Thread 0x0000024b4f65f800 10847 %     3       com.android.tools.r8.internal.Ra::a @ 103 (131 bytes)
Event: 12.792 Thread 0x0000024b4f65f800 nmethod 10847% 0x0000024b39bf9d90 code [0x0000024b39bf9fe0, 0x0000024b39bfa918]
Event: 12.797 Thread 0x0000024b4f65f800 10848       2       com.android.tools.r8.internal.T7::<init> (10 bytes)
Event: 12.797 Thread 0x0000024b4f65f800 nmethod 10848 0x0000024b39bfad90 code [0x0000024b39bfaf40, 0x0000024b39bfb078]
Event: 12.801 Thread 0x0000024b4f65f800 10849       1       com.android.tools.r8.internal.Mm::d (5 bytes)
Event: 12.801 Thread 0x0000024b4f65f800 nmethod 10849 0x0000024b400e8b10 code [0x0000024b400e8cc0, 0x0000024b400e8d78]
Event: 12.801 Thread 0x0000024b4f65f800 10850       2       com.android.tools.r8.internal.re::a (36 bytes)
Event: 12.801 Thread 0x0000024b4f65f800 nmethod 10850 0x0000024b39bfb110 code [0x0000024b39bfb2c0, 0x0000024b39bfb3e8]

GC Heap History (20 events):
Event: 7.006 GC heap before
{Heap before GC invocations=10 (full 0):
 garbage-first heap   total 155648K, used 110750K [0x0000000080000000, 0x0000000100000000)
  region size 1024K, 82 young (83968K), 8 survivors (8192K)
 Metaspace       used 51224K, capacity 52580K, committed 52892K, reserved 1095680K
  class space    used 6480K, capacity 7001K, committed 7116K, reserved 1048576K
}
Event: 7.015 GC heap after
{Heap after GC invocations=11 (full 0):
 garbage-first heap   total 155648K, used 42677K [0x0000000080000000, 0x0000000100000000)
  region size 1024K, 11 young (11264K), 11 survivors (11264K)
 Metaspace       used 51224K, capacity 52580K, committed 52892K, reserved 1095680K
  class space    used 6480K, capacity 7001K, committed 7116K, reserved 1048576K
}
Event: 7.782 GC heap before
{Heap before GC invocations=11 (full 0):
 garbage-first heap   total 155648K, used 95925K [0x0000000080000000, 0x0000000100000000)
  region size 1024K, 64 young (65536K), 11 survivors (11264K)
 Metaspace       used 58991K, capacity 60436K, committed 60572K, reserved 1101824K
  class space    used 7465K, capacity 8038K, committed 8140K, reserved 1048576K
}
Event: 7.799 GC heap after
{Heap after GC invocations=12 (full 0):
 garbage-first heap   total 187392K, used 44888K [0x0000000080000000, 0x0000000100000000)
  region size 1024K, 3 young (3072K), 3 survivors (3072K)
 Metaspace       used 58991K, capacity 60436K, committed 60572K, reserved 1101824K
  class space    used 7465K, capacity 8038K, committed 8140K, reserved 1048576K
}
Event: 8.652 GC heap before
{Heap before GC invocations=13 (full 0):
 garbage-first heap   total 187392K, used 143192K [0x0000000080000000, 0x0000000100000000)
  region size 1024K, 92 young (94208K), 3 survivors (3072K)
 Metaspace       used 65092K, capacity 66626K, committed 66856K, reserved 1107968K
  class space    used 8241K, capacity 8803K, committed 8908K, reserved 1048576K
}
Event: 8.661 GC heap after
{Heap after GC invocations=14 (full 0):
 garbage-first heap   total 187392K, used 51851K [0x0000000080000000, 0x0000000100000000)
  region size 1024K, 10 young (10240K), 10 survivors (10240K)
 Metaspace       used 65092K, capacity 66626K, committed 66856K, reserved 1107968K
  class space    used 8241K, capacity 8803K, committed 8908K, reserved 1048576K
}
Event: 9.528 GC heap before
{Heap before GC invocations=14 (full 0):
 garbage-first heap   total 187392K, used 136843K [0x0000000080000000, 0x0000000100000000)
  region size 1024K, 93 young (95232K), 10 survivors (10240K)
 Metaspace       used 71764K, capacity 73442K, committed 73640K, reserved 1114112K
  class space    used 9291K, capacity 9932K, committed 10060K, reserved 1048576K
}
Event: 9.541 GC heap after
{Heap after GC invocations=15 (full 0):
 garbage-first heap   total 187392K, used 57540K [0x0000000080000000, 0x0000000100000000)
  region size 1024K, 6 young (6144K), 6 survivors (6144K)
 Metaspace       used 71764K, capacity 73442K, committed 73640K, reserved 1114112K
  class space    used 9291K, capacity 9932K, committed 10060K, reserved 1048576K
}
Event: 10.615 GC heap before
{Heap before GC invocations=15 (full 0):
 garbage-first heap   total 187392K, used 141508K [0x0000000080000000, 0x0000000100000000)
  region size 1024K, 88 young (90112K), 6 survivors (6144K)
 Metaspace       used 79851K, capacity 81815K, committed 81960K, reserved 1120256K
  class space    used 10426K, capacity 11137K, committed 11212K, reserved 1048576K
}
Event: 10.627 GC heap after
{Heap after GC invocations=16 (full 0):
 garbage-first heap   total 187392K, used 62435K [0x0000000080000000, 0x0000000100000000)
  region size 1024K, 11 young (11264K), 11 survivors (11264K)
 Metaspace       used 79851K, capacity 81815K, committed 81960K, reserved 1120256K
  class space    used 10426K, capacity 11137K, committed 11212K, reserved 1048576K
}
Event: 11.333 GC heap before
{Heap before GC invocations=16 (full 0):
 garbage-first heap   total 187392K, used 144355K [0x0000000080000000, 0x0000000100000000)
  region size 1024K, 92 young (94208K), 11 survivors (11264K)
 Metaspace       used 82449K, capacity 84822K, committed 85160K, reserved 1122304K
  class space    used 10868K, capacity 11761K, committed 11852K, reserved 1048576K
}
Event: 11.350 GC heap after
{Heap after GC invocations=17 (full 0):
 garbage-first heap   total 187392K, used 68117K [0x0000000080000000, 0x0000000100000000)
  region size 1024K, 11 young (11264K), 11 survivors (11264K)
 Metaspace       used 82449K, capacity 84822K, committed 85160K, reserved 1122304K
  class space    used 10868K, capacity 11761K, committed 11852K, reserved 1048576K
}
Event: 11.826 GC heap before
{Heap before GC invocations=17 (full 0):
 garbage-first heap   total 187392K, used 145941K [0x0000000080000000, 0x0000000100000000)
  region size 1024K, 88 young (90112K), 11 survivors (11264K)
 Metaspace       used 84621K, capacity 87063K, committed 87208K, reserved 1124352K
  class space    used 11042K, capacity 12000K, committed 12108K, reserved 1048576K
}
Event: 11.841 GC heap after
{Heap after GC invocations=18 (full 0):
 garbage-first heap   total 225280K, used 73225K [0x0000000080000000, 0x0000000100000000)
  region size 1024K, 11 young (11264K), 11 survivors (11264K)
 Metaspace       used 84621K, capacity 87063K, committed 87208K, reserved 1124352K
  class space    used 11042K, capacity 12000K, committed 12108K, reserved 1048576K
}
Event: 12.173 GC heap before
{Heap before GC invocations=18 (full 0):
 garbage-first heap   total 225280K, used 169481K [0x0000000080000000, 0x0000000100000000)
  region size 1024K, 106 young (108544K), 11 survivors (11264K)
 Metaspace       used 89174K, capacity 91707K, committed 91944K, reserved 1128448K
  class space    used 11663K, capacity 12630K, committed 12748K, reserved 1048576K
}
Event: 12.187 GC heap after
{Heap after GC invocations=19 (full 0):
 garbage-first heap   total 225280K, used 84161K [0x0000000080000000, 0x0000000100000000)
  region size 1024K, 14 young (14336K), 14 survivors (14336K)
 Metaspace       used 89174K, capacity 91707K, committed 91944K, reserved 1128448K
  class space    used 11663K, capacity 12630K, committed 12748K, reserved 1048576K
}
Event: 12.524 GC heap before
{Heap before GC invocations=19 (full 0):
 garbage-first heap   total 225280K, used 173249K [0x0000000080000000, 0x0000000100000000)
  region size 1024K, 102 young (104448K), 14 survivors (14336K)
 Metaspace       used 94587K, capacity 97260K, committed 97576K, reserved 1134592K
  class space    used 12339K, capacity 13380K, committed 13516K, reserved 1048576K
}
Event: 12.547 GC heap after
{Heap after GC invocations=20 (full 0):
 garbage-first heap   total 225280K, used 94337K [0x0000000080000000, 0x0000000100000000)
  region size 1024K, 13 young (13312K), 13 survivors (13312K)
 Metaspace       used 94587K, capacity 97260K, committed 97576K, reserved 1134592K
  class space    used 12339K, capacity 13380K, committed 13516K, reserved 1048576K
}
Event: 12.761 GC heap before
{Heap before GC invocations=20 (full 0):
 garbage-first heap   total 225280K, used 174209K [0x0000000080000000, 0x0000000100000000)
  region size 1024K, 91 young (93184K), 13 survivors (13312K)
 Metaspace       used 96136K, capacity 99042K, committed 99112K, reserved 1140736K
  class space    used 12600K, capacity 13721K, committed 13772K, reserved 1048576K
}
Event: 12.786 GC heap after
{Heap after GC invocations=21 (full 0):
 garbage-first heap   total 225280K, used 108544K [0x0000000080000000, 0x0000000100000000)
  region size 1024K, 12 young (12288K), 12 survivors (12288K)
 Metaspace       used 96136K, capacity 99042K, committed 99112K, reserved 1140736K
  class space    used 12600K, capacity 13721K, committed 13772K, reserved 1048576K
}

Deoptimization events (20 events):
Event: 12.590 Thread 0x0000024b5282a000 Uncommon trap: trap_request=0xffffff4d fr.pc=0x0000024b4005ae2c relative=0x000000000000046c
Event: 12.590 Thread 0x0000024b5282a000 Uncommon trap: reason=unstable_if action=reinterpret pc=0x0000024b4005ae2c method=java.io.ObjectOutputStream$BlockDataOutputStream.writeBytes(Ljava/lang/String;)V @ 22 c2
Event: 12.590 Thread 0x0000024b5282a000 DEOPT PACKING pc=0x0000024b4005ae2c sp=0x000000d2064fce20
Event: 12.590 Thread 0x0000024b5282a000 DEOPT UNPACKING pc=0x0000024b3806a1af sp=0x000000d2064fcda8 mode 2
Event: 12.590 Thread 0x0000024b5282a000 Uncommon trap: trap_request=0xffffff4d fr.pc=0x0000024b40035f58 relative=0x0000000000000498
Event: 12.590 Thread 0x0000024b5282a000 Uncommon trap: reason=unstable_if action=reinterpret pc=0x0000024b40035f58 method=java.io.ObjectOutputStream$BlockDataOutputStream.writeBytes(Ljava/lang/String;)V @ 22 c2
Event: 12.590 Thread 0x0000024b5282a000 DEOPT PACKING pc=0x0000024b40035f58 sp=0x000000d2064fce00
Event: 12.590 Thread 0x0000024b5282a000 DEOPT UNPACKING pc=0x0000024b3806a1af sp=0x000000d2064fcda8 mode 2
Event: 12.591 Thread 0x0000024b532cb800 DEOPT PACKING pc=0x0000024b39900e84 sp=0x000000d20a8ff000
Event: 12.591 Thread 0x0000024b532cb800 DEOPT UNPACKING pc=0x0000024b3806a95e sp=0x000000d20a8fe5c0 mode 0
Event: 12.603 Thread 0x0000024b532ca000 DEOPT PACKING pc=0x0000024b39900e84 sp=0x000000d20a1ff200
Event: 12.603 Thread 0x0000024b532ca000 DEOPT UNPACKING pc=0x0000024b3806a95e sp=0x000000d20a1fe7c0 mode 0
Event: 12.611 Thread 0x0000024b56330000 DEOPT PACKING pc=0x0000024b39900e84 sp=0x000000d20adfeaa0
Event: 12.611 Thread 0x0000024b56330000 DEOPT UNPACKING pc=0x0000024b3806a95e sp=0x000000d20adfe060 mode 0
Event: 12.665 Thread 0x0000024b532ce000 DEOPT PACKING pc=0x0000024b39bcefc7 sp=0x000000d20a4f9780
Event: 12.665 Thread 0x0000024b532ce000 DEOPT UNPACKING pc=0x0000024b3806a95e sp=0x000000d20a4f8cb8 mode 0
Event: 12.675 Thread 0x0000024b557e6800 DEOPT PACKING pc=0x0000024b39bd8a1c sp=0x000000d20ccfa030
Event: 12.675 Thread 0x0000024b557e6800 DEOPT UNPACKING pc=0x0000024b3806a95e sp=0x000000d20ccf9330 mode 0
Event: 12.676 Thread 0x0000024b557dd000 DEOPT PACKING pc=0x0000024b39bd8a1c sp=0x000000d20c0fa420
Event: 12.676 Thread 0x0000024b557dd000 DEOPT UNPACKING pc=0x0000024b3806a95e sp=0x000000d20c0f9720 mode 0

Classes redefined (0 events):
No events

Internal exceptions (20 events):
Event: 12.096 Thread 0x0000024b532ce000 Exception <a 'java/lang/NoSuchMethodError'{0x0000000088ba4a88}: 'java.lang.Object java.lang.invoke.DirectMethodHandle$Holder.newInvokeSpecial(java.lang.Object, int)'> (0x0000000088ba4a88) thrown at [./src/hotspot/share/interpreter/linkResolver.cpp, line 773]
Event: 12.096 Thread 0x0000024b557dd000 Exception <a 'java/lang/NoSuchMethodError'{0x0000000088bdfb30}: 'java.lang.Object java.lang.invoke.DirectMethodHandle$Holder.newInvokeSpecial(java.lang.Object, int)'> (0x0000000088bdfb30) thrown at [./src/hotspot/share/interpreter/linkResolver.cpp, line 773]
Event: 12.217 Thread 0x0000024b557e6800 Exception <a 'java/lang/NoSuchMethodError'{0x000000008d6de428}: 'java.lang.Object java.lang.invoke.DirectMethodHandle$Holder.invokeStaticInit(java.lang.Object, java.lang.Object, java.lang.Object, java.lang.Object, java.lang.Object, java.lang.Object, java.lang.Object, java.lang.Object, java.lang.Object, java.lang.Object, java.lang.Object, java.lang.Object, java.lang.Object, java.lang.Object, java.lang.Object, java.lang.Object, java.lang.Object, java.lang.Object, int, java.lang.Object, java.lang.Object)'> (0
Event: 12.241 Thread 0x0000024b557dd000 Exception <a 'java/lang/IncompatibleClassChangeError'{0x000000008d107260}: Found class java.lang.Object, but interface was expected> (0x000000008d107260) thrown at [./src/hotspot/share/interpreter/linkResolver.cpp, line 839]
Event: 12.241 Thread 0x0000024b532ce000 Exception <a 'java/lang/IncompatibleClassChangeError'{0x000000008d669ce0}: Found class java.lang.Object, but interface was expected> (0x000000008d669ce0) thrown at [./src/hotspot/share/interpreter/linkResolver.cpp, line 839]
Event: 12.241 Thread 0x0000024b557e6800 Exception <a 'java/lang/IncompatibleClassChangeError'{0x000000008d485db0}: Found class java.lang.Object, but interface was expected> (0x000000008d485db0) thrown at [./src/hotspot/share/interpreter/linkResolver.cpp, line 839]
Event: 12.265 Thread 0x0000024b557dd000 Exception <a 'java/lang/NoSuchMethodError'{0x000000008cd0ecf8}: 'java.lang.Object java.lang.invoke.DirectMethodHandle$Holder.invokeStatic(java.lang.Object, long)'> (0x000000008cd0ecf8) thrown at [./src/hotspot/share/interpreter/linkResolver.cpp, line 773]
Event: 12.393 Thread 0x0000024b532ce000 Exception <a 'java/lang/NoSuchMethodError'{0x000000008a5f1270}: 'void java.lang.invoke.DirectMethodHandle$Holder.invokeStatic(java.lang.Object, java.lang.Object, java.lang.Object, int)'> (0x000000008a5f1270) thrown at [./src/hotspot/share/interpreter/linkResolver.cpp, line 773]
Event: 12.394 Thread 0x0000024b532ce000 Exception <a 'java/lang/IncompatibleClassChangeError'{0x000000008a5fb038}: Found class java.lang.Object, but interface was expected> (0x000000008a5fb038) thrown at [./src/hotspot/share/interpreter/linkResolver.cpp, line 839]
Event: 12.462 Thread 0x0000024b5783c800 Exception <a 'java/lang/NoSuchMethodError'{0x000000008adc1240}: 'void java.lang.invoke.DirectMethodHandle$Holder.invokeStatic(java.lang.Object, long)'> (0x000000008adc1240) thrown at [./src/hotspot/share/interpreter/linkResolver.cpp, line 773]
Event: 12.470 Thread 0x0000024b5783c800 Exception <a 'java/lang/NoSuchMethodError'{0x000000008adcc130}: 'java.lang.Object java.lang.invoke.DirectMethodHandle$Holder.invokeStaticInit(java.lang.Object, java.lang.Object, long, java.lang.Object)'> (0x000000008adcc130) thrown at [./src/hotspot/share/interpreter/linkResolver.cpp, line 773]
Event: 12.471 Thread 0x0000024b5783c800 Exception <a 'java/lang/NoSuchMethodError'{0x00000000892140b8}: 'java.lang.Object java.lang.invoke.DirectMethodHandle$Holder.invokeStatic(java.lang.Object, java.lang.Object, long)'> (0x00000000892140b8) thrown at [./src/hotspot/share/interpreter/linkResolver.cpp, line 773]
Event: 12.472 Thread 0x0000024b5783c800 Exception <a 'java/lang/NoSuchMethodError'{0x000000008921a630}: 'java.lang.Object java.lang.invoke.Invokers$Holder.linkToTargetMethod(java.lang.Object, long, java.lang.Object)'> (0x000000008921a630) thrown at [./src/hotspot/share/interpreter/linkResolver.cpp, line 773]
Event: 12.512 Thread 0x0000024b5783c800 Exception <a 'java/io/IOException'{0x00000000892436d8}> (0x00000000892436d8) thrown at [./src/hotspot/share/prims/jni.cpp, line 616]
Event: 12.571 Thread 0x0000024b53440800 Exception <a 'java/lang/NoSuchMethodError'{0x000000008d685460}: 'java.lang.Object java.lang.invoke.DirectMethodHandle$Holder.newInvokeSpecial(java.lang.Object, java.lang.Object, java.lang.Object, java.lang.Object)'> (0x000000008d685460) thrown at [./src/hotspot/share/interpreter/linkResolver.cpp, line 773]
Event: 12.580 Thread 0x0000024b532ce000 Exception <a 'java/lang/NoSuchMethodError'{0x000000008d3a9070}: 'java.lang.Object java.lang.invoke.DirectMethodHandle$Holder.invokeStatic(java.lang.Object, int, java.lang.Object, java.lang.Object)'> (0x000000008d3a9070) thrown at [./src/hotspot/share/interpreter/linkResolver.cpp, line 773]
Event: 12.586 Thread 0x0000024b5282a000 Exception <a 'java/lang/NoSuchMethodError'{0x000000008cda5ed0}: <clinit>> (0x000000008cda5ed0) thrown at [./src/hotspot/share/prims/jni.cpp, line 1366]
Event: 12.590 Thread 0x0000024b5282a000 Exception <a 'java/lang/NoSuchMethodError'{0x000000008ccc1a98}: <clinit>> (0x000000008ccc1a98) thrown at [./src/hotspot/share/prims/jni.cpp, line 1366]
Event: 12.738 Thread 0x0000024b532ce000 Exception <a 'java/lang/IncompatibleClassChangeError'{0x0000000089da2590}: Found class java.lang.Object, but interface was expected> (0x0000000089da2590) thrown at [./src/hotspot/share/interpreter/linkResolver.cpp, line 839]
Event: 12.739 Thread 0x0000024b532ce000 Exception <a 'java/lang/IncompatibleClassChangeError'{0x0000000089a05568}: Found class java.lang.Object, but interface was expected> (0x0000000089a05568) thrown at [./src/hotspot/share/interpreter/linkResolver.cpp, line 839]

Events (20 events):
Event: 12.805 loading class com/android/tools/r8/internal/II
Event: 12.805 loading class com/android/tools/r8/internal/II done
Event: 12.805 loading class com/android/tools/r8/internal/II
Event: 12.805 loading class com/android/tools/r8/internal/II done
Event: 12.805 loading class com/android/tools/r8/graph/b1
Event: 12.805 loading class com/android/tools/r8/graph/b1 done
Event: 12.805 loading class com/android/tools/r8/graph/b1
Event: 12.805 loading class com/android/tools/r8/graph/b1 done
Event: 12.806 loading class com/android/tools/r8/internal/nu
Event: 12.806 loading class com/android/tools/r8/internal/nu done
Event: 12.807 loading class com/android/tools/r8/internal/CR
Event: 12.807 loading class com/android/tools/r8/internal/CR done
Event: 12.807 loading class com/android/tools/r8/internal/zR
Event: 12.807 loading class com/android/tools/r8/internal/zR done
Event: 12.807 loading class com/android/tools/r8/internal/FR
Event: 12.807 loading class com/android/tools/r8/internal/FR done
Event: 12.808 loading class com/android/tools/r8/internal/DR
Event: 12.808 loading class com/android/tools/r8/internal/DR done
Event: 12.808 loading class com/android/tools/r8/internal/f1
Event: 12.808 loading class com/android/tools/r8/internal/f1 done


Dynamic libraries:
0x00007ff6518b0000 - 0x00007ff6518ba000 	C:\Program Files\Android\Android Studio\jre\bin\java.exe
0x00007ff966930000 - 0x00007ff966b44000 	C:\WINDOWS\SYSTEM32\ntdll.dll
0x00007ff965a50000 - 0x00007ff965b12000 	C:\WINDOWS\System32\KERNEL32.DLL
0x00007ff9640a0000 - 0x00007ff96443c000 	C:\WINDOWS\System32\KERNELBASE.dll
0x00007ff964440000 - 0x00007ff964551000 	C:\WINDOWS\System32\ucrtbase.dll
0x00007ff936e30000 - 0x00007ff936e47000 	C:\Program Files\Android\Android Studio\jre\bin\VCRUNTIME140.dll
0x00007ff931f50000 - 0x00007ff931f69000 	C:\Program Files\Android\Android Studio\jre\bin\jli.dll
0x00007ff964db0000 - 0x00007ff964f5b000 	C:\WINDOWS\System32\USER32.dll
0x00007ff942670000 - 0x00007ff9428fe000 	C:\WINDOWS\WinSxS\amd64_microsoft.windows.common-controls_6595b64144ccf1df_6.0.22621.608_none_a9444ca7c10bb01d\COMCTL32.dll
0x00007ff963ee0000 - 0x00007ff963f06000 	C:\WINDOWS\System32\win32u.dll
0x00007ff9659a0000 - 0x00007ff965a47000 	C:\WINDOWS\System32\msvcrt.dll
0x00007ff965240000 - 0x00007ff965269000 	C:\WINDOWS\System32\GDI32.dll
0x00007ff964620000 - 0x00007ff964733000 	C:\WINDOWS\System32\gdi32full.dll
0x00007ff964000000 - 0x00007ff96409a000 	C:\WINDOWS\System32\msvcp_win.dll
0x00007ff965eb0000 - 0x00007ff965ee1000 	C:\WINDOWS\System32\IMM32.DLL
0x00007ff921290000 - 0x00007ff92132d000 	C:\Program Files\Android\Android Studio\jre\bin\msvcp140.dll
0x00007ff923200000 - 0x00007ff923d02000 	C:\Program Files\Android\Android Studio\jre\bin\server\jvm.dll
0x00007ff964a70000 - 0x00007ff964b1e000 	C:\WINDOWS\System32\ADVAPI32.dll
0x00007ff964f70000 - 0x00007ff965014000 	C:\WINDOWS\System32\sechost.dll
0x00007ff9656f0000 - 0x00007ff965807000 	C:\WINDOWS\System32\RPCRT4.dll
0x00007ff9648c0000 - 0x00007ff9648c8000 	C:\WINDOWS\System32\PSAPI.DLL
0x00007ff95b8f0000 - 0x00007ff95b8f9000 	C:\WINDOWS\SYSTEM32\WSOCK32.dll
0x00007ff957200000 - 0x00007ff95720a000 	C:\WINDOWS\SYSTEM32\VERSION.dll
0x00007ff9579c0000 - 0x00007ff9579f4000 	C:\WINDOWS\SYSTEM32\WINMM.dll
0x00007ff965910000 - 0x00007ff965981000 	C:\WINDOWS\System32\WS2_32.dll
0x00007ff962eb0000 - 0x00007ff962ec8000 	C:\WINDOWS\SYSTEM32\kernel.appcore.dll
0x00007ff951940000 - 0x00007ff951951000 	C:\Program Files\Android\Android Studio\jre\bin\verify.dll
0x00007ff9613d0000 - 0x00007ff9615fe000 	C:\WINDOWS\SYSTEM32\DBGHELP.DLL
0x00007ff965b20000 - 0x00007ff965ea9000 	C:\WINDOWS\System32\combase.dll
0x00007ff965110000 - 0x00007ff9651e7000 	C:\WINDOWS\System32\OLEAUT32.dll
0x00007ff956b50000 - 0x00007ff956b82000 	C:\WINDOWS\SYSTEM32\dbgcore.DLL
0x00007ff963f10000 - 0x00007ff963f8b000 	C:\WINDOWS\System32\bcryptPrimitives.dll
0x00007ff94f0b0000 - 0x00007ff94f0d9000 	C:\Program Files\Android\Android Studio\jre\bin\java.dll
0x00007ff957b90000 - 0x00007ff957b9b000 	C:\Program Files\Android\Android Studio\jre\bin\jimage.dll
0x00007ff94f090000 - 0x00007ff94f0a8000 	C:\Program Files\Android\Android Studio\jre\bin\zip.dll
0x00007ff965ef0000 - 0x00007ff9666e0000 	C:\WINDOWS\System32\SHELL32.dll
0x00007ff961d90000 - 0x00007ff96265d000 	C:\WINDOWS\SYSTEM32\windows.storage.dll
0x00007ff961c50000 - 0x00007ff961d8e000 	C:\WINDOWS\SYSTEM32\wintypes.dll
0x00007ff966740000 - 0x00007ff966831000 	C:\WINDOWS\System32\SHCORE.dll
0x00007ff964740000 - 0x00007ff96479e000 	C:\WINDOWS\System32\shlwapi.dll
0x00007ff963ca0000 - 0x00007ff963cc1000 	C:\WINDOWS\SYSTEM32\profapi.dll
0x00007ff94f070000 - 0x00007ff94f08a000 	C:\Program Files\Android\Android Studio\jre\bin\net.dll
0x00007ff959850000 - 0x00007ff959987000 	C:\WINDOWS\SYSTEM32\WINHTTP.dll
0x00007ff963320000 - 0x00007ff963389000 	C:\WINDOWS\system32\mswsock.dll
0x00007ff94f050000 - 0x00007ff94f064000 	C:\Program Files\Android\Android Studio\jre\bin\nio.dll
0x00007ff930010000 - 0x00007ff930037000 	C:\Users\DELL\.gradle\native\e1d6ef7f7dcc3fd88c89a11ec53ec762bb8ba0a96d01ffa2cd45eb1d1d8dd5c5\windows-amd64\native-platform.dll
0x00007ff910420000 - 0x00007ff910564000 	C:\Users\DELL\.gradle\native\0d407fdbe67a94daf76414ababcb853783967236a71b16ec16e742cd7a986fd3\windows-amd64\native-platform-file-events.dll
0x00007ff957bc0000 - 0x00007ff957bca000 	C:\Program Files\Android\Android Studio\jre\bin\management.dll
0x00007ff956190000 - 0x00007ff95619d000 	C:\Program Files\Android\Android Studio\jre\bin\management_ext.dll
0x00007ff963580000 - 0x00007ff96359b000 	C:\WINDOWS\SYSTEM32\CRYPTSP.dll
0x00007ff962e20000 - 0x00007ff962e55000 	C:\WINDOWS\system32\rsaenh.dll
0x00007ff963420000 - 0x00007ff963448000 	C:\WINDOWS\SYSTEM32\USERENV.dll
0x00007ff963720000 - 0x00007ff963748000 	C:\WINDOWS\SYSTEM32\bcrypt.dll
0x00007ff9635a0000 - 0x00007ff9635ac000 	C:\WINDOWS\SYSTEM32\CRYPTBASE.dll
0x00007ff9628a0000 - 0x00007ff9628cd000 	C:\WINDOWS\SYSTEM32\IPHLPAPI.DLL
0x00007ff965020000 - 0x00007ff965029000 	C:\WINDOWS\System32\NSI.dll
0x00007ff9579a0000 - 0x00007ff9579b9000 	C:\WINDOWS\SYSTEM32\dhcpcsvc6.DLL
0x00007ff9563f0000 - 0x00007ff95640f000 	C:\WINDOWS\SYSTEM32\dhcpcsvc.DLL
0x00007ff9628d0000 - 0x00007ff9629c3000 	C:\WINDOWS\SYSTEM32\DNSAPI.dll

dbghelp: loaded successfully - version: 4.0.5 - missing functions: none
symbol engine: initialized successfully - sym options: 0x614 - pdb path: .;C:\Program Files\Android\Android Studio\jre\bin;C:\WINDOWS\SYSTEM32;C:\WINDOWS\WinSxS\amd64_microsoft.windows.common-controls_6595b64144ccf1df_6.0.22621.608_none_a9444ca7c10bb01d;C:\Program Files\Android\Android Studio\jre\bin\server;C:\Users\DELL\.gradle\native\e1d6ef7f7dcc3fd88c89a11ec53ec762bb8ba0a96d01ffa2cd45eb1d1d8dd5c5\windows-amd64;C:\Users\DELL\.gradle\native\0d407fdbe67a94daf76414ababcb853783967236a71b16ec16e742cd7a986fd3\windows-amd64

VM Arguments:
jvm_args: --add-opens=java.base/java.util=ALL-UNNAMED --add-opens=java.base/java.lang=ALL-UNNAMED --add-opens=java.base/java.lang.invoke=ALL-UNNAMED --add-opens=java.base/java.util=ALL-UNNAMED --add-opens=java.prefs/java.util.prefs=ALL-UNNAMED --add-opens=java.prefs/java.util.prefs=ALL-UNNAMED --add-opens=java.base/java.nio.charset=ALL-UNNAMED --add-opens=java.base/java.net=ALL-UNNAMED --add-opens=java.base/java.util.concurrent.atomic=ALL-UNNAMED -Xmx2048m -Dfile.encoding=UTF-8 -Duser.country=US -Duser.language=en -Duser.variant 
java_command: org.gradle.launcher.daemon.bootstrap.GradleDaemon 7.4
java_class_path (initial): C:\Users\DELL\.gradle\wrapper\dists\gradle-7.4-bin\c0gwcg53nkjbqw7r0h0umtfvt\gradle-7.4\lib\gradle-launcher-7.4.jar
Launcher Type: SUN_STANDARD

[Global flags]
     intx CICompilerCount                          = 4                                         {product} {ergonomic}
     uint ConcGCThreads                            = 3                                         {product} {ergonomic}
     uint G1ConcRefinementThreads                  = 10                                        {product} {ergonomic}
   size_t G1HeapRegionSize                         = 1048576                                   {product} {ergonomic}
    uintx GCDrainStackTargetSize                   = 64                                        {product} {ergonomic}
   size_t InitialHeapSize                          = 132120576                                 {product} {ergonomic}
   size_t MarkStackSize                            = 4194304                                   {product} {ergonomic}
   size_t MaxHeapSize                              = 2147483648                                {product} {command line}
   size_t MaxNewSize                               = 1287651328                                {product} {ergonomic}
   size_t MinHeapDeltaBytes                        = 1048576                                   {product} {ergonomic}
    uintx NonNMethodCodeHeapSize                   = 5836300                                {pd product} {ergonomic}
    uintx NonProfiledCodeHeapSize                  = 122910970                              {pd product} {ergonomic}
    uintx ProfiledCodeHeapSize                     = 122910970                              {pd product} {ergonomic}
    uintx ReservedCodeCacheSize                    = 251658240                              {pd product} {ergonomic}
     bool SegmentedCodeCache                       = true                                      {product} {ergonomic}
     bool UseCompressedClassPointers               = true                                 {lp64_product} {ergonomic}
     bool UseCompressedOops                        = true                                 {lp64_product} {ergonomic}
     bool UseG1GC                                  = true                                      {product} {ergonomic}
     bool UseLargePagesIndividualAllocation        = false                                  {pd product} {ergonomic}

Logging:
Log output configuration:
 #0: stdout all=warning uptime,level,tags
 #1: stderr all=off uptime,level,tags

Environment Variables:
PATH=C:\Program Files\Eclipse Adoptium\jdk-17.0.6.10-hotspot\bin;C:\Program Files (x86)\Common Files\Oracle\Java\javapath;C:\Windows\system32;C:\Windows;C:\Windows\System32\Wbem;C:\Windows\System32\WindowsPowerShell\v1.0\;C:\Windows\System32\OpenSSH\;C:\Program Files (x86)\NVIDIA Corporation\PhysX\Common;C:\Program Files\NVIDIA Corporation\NVIDIA NvDLISR;C:\Program Files\Microsoft SQL Server\150\Tools\Binn\;C:\Program Files\Microsoft SQL Server\Client SDK\ODBC\170\Tools\Binn\;C:\WINDOWS\system32;C:\WINDOWS;C:\WINDOWS\System32\Wbem;C:\WINDOWS\System32\WindowsPowerShell\v1.0\;C:\WINDOWS\System32\OpenSSH\;C:\Program Files\Git\cmd;C:\Program Files\Git\mingw64\bin;C:\Program Files\Git\usr\bin;C:\Program Files (x86)\Microsoft SQL Server\160\Tools\Binn\;C:\Program Files\Microsoft SQL Server\160\Tools\Binn\;C:\Program Files\Microsoft SQL Server\160\DTS\Binn\;C:\Program Files (x86)\Microsoft SQL Server\160\DTS\Binn\;C:\Program Files\Azure Data Studio\bin;C:\Users\DELL\AppData\Local\Microsoft\WindowsApps;C:\Users\DELL\AppData\Local\Programs\Microsoft VS Code\bin;C:\Program Files\JetBrains\PyCharm Community Edition 2022.2.2\bin;;C:\Program Files\JetBrains\IntelliJ IDEA Community Edition 2022.3.2\bin;;C:\Users\DELL\Downloads\dart-sdk\bin;C:\Users\DELL\Downloads\flutter\bin;;C:\Program Files\Azure Data Studio\bin
USERNAME=DELL
OS=Windows_NT
PROCESSOR_IDENTIFIER=Intel64 Family 6 Model 165 Stepping 2, GenuineIntel



---------------  S Y S T E M  ---------------

OS: Windows 11 , 64 bit Build 22621 (10.0.22621.1485)
OS uptime: 0 days 2:01 hours

CPU:total 12 (initial active 12) (6 cores per cpu, 2 threads per core) family 6 model 165 stepping 2 microcode 0xf4, cmov, cx8, fxsr, mmx, sse, sse2, sse3, ssse3, sse4.1, sse4.2, popcnt, avx, avx2, aes, clmul, erms, 3dnowpref, lzcnt, ht, tsc, tscinvbit, bmi1, bmi2, adx, fma

Memory: 4k page, system-wide physical 7967M (384M free)
TotalPageFile size 12063M (AvailPageFile size 3M)
current process WorkingSet (physical memory assigned to process): 495M, peak: 500M
current process commit charge ("private bytes"): 585M, peak: 585M

vm_info: OpenJDK 64-Bit Server VM (11.0.13+0-b1751.21-8125866) for windows-amd64 JRE (11.0.13+0-b1751.21-8125866), built on Feb  2 2022 03:00:22 by "builder" with MS VC++ 14.0 (VS2015)

END.
